{"/home/dell/Desktop/Training/Node.JS/College-ERP/src/app.ts": {"path":"/home/dell/Desktop/Training/Node.JS/College-ERP/src/app.ts","statementMap":{"0":{"start":{"line":1,"column":0},"end":{"line":1,"column":43}},"1":{"start":{"line":2,"column":0},"end":{"line":2,"column":35}},"2":{"start":{"line":3,"column":0},"end":{"line":3,"column":29}},"3":{"start":{"line":4,"column":0},"end":{"line":4,"column":42}},"4":{"start":{"line":5,"column":0},"end":{"line":5,"column":33}},"5":{"start":{"line":7,"column":0},"end":{"line":7,"column":30}},"6":{"start":{"line":8,"column":0},"end":{"line":8,"column":53}},"7":{"start":{"line":9,"column":0},"end":{"line":9,"column":45}},"8":{"start":{"line":12,"column":0},"end":{"line":12,"column":16}},"9":{"start":{"line":14,"column":25},"end":{"line":14,"column":43}},"10":{"start":{"line":15,"column":30},"end":{"line":15,"column":48}},"11":{"start":{"line":21,"column":4},"end":{"line":21,"column":25}},"12":{"start":{"line":23,"column":19},"end":{"line":23,"column":46}},"13":{"start":{"line":24,"column":4},"end":{"line":26,"column":7}},"14":{"start":{"line":25,"column":6},"end":{"line":25,"column":35}},"15":{"start":{"line":27,"column":4},"end":{"line":27,"column":18}},"16":{"start":{"line":28,"column":4},"end":{"line":28,"column":22}},"17":{"start":{"line":33,"column":4},"end":{"line":33,"column":63}},"18":{"start":{"line":34,"column":4},"end":{"line":34,"column":46}},"19":{"start":{"line":37,"column":4},"end":{"line":37,"column":26}},"20":{"start":{"line":38,"column":22},"end":{"line":41,"column":6}},"21":{"start":{"line":42,"column":4},"end":{"line":42,"column":42}},"22":{"start":{"line":44,"column":4},"end":{"line":46,"column":7}},"23":{"start":{"line":45,"column":6},"end":{"line":45,"column":28}},"24":{"start":{"line":48,"column":4},"end":{"line":50,"column":7}},"25":{"start":{"line":49,"column":6},"end":{"line":49,"column":42}},"26":{"start":{"line":52,"column":4},"end":{"line":54,"column":7}},"27":{"start":{"line":53,"column":6},"end":{"line":53,"column":56}},"28":{"start":{"line":57,"column":0},"end":{"line":57,"column":null}}},"fnMap":{"0":{"name":"(anonymous_0)","decl":{"start":{"line":20,"column":2},"end":{"line":20,"column":null}},"loc":{"start":{"line":20,"column":2},"end":{"line":31,"column":3}}},"1":{"name":"(anonymous_1)","decl":{"start":{"line":24,"column":44},"end":{"line":24,"column":47}},"loc":{"start":{"line":24,"column":49},"end":{"line":26,"column":5}}},"2":{"name":"(anonymous_2)","decl":{"start":{"line":32,"column":10},"end":{"line":32,"column":16}},"loc":{"start":{"line":32,"column":16},"end":{"line":35,"column":3}}},"3":{"name":"(anonymous_3)","decl":{"start":{"line":36,"column":10},"end":{"line":36,"column":20}},"loc":{"start":{"line":36,"column":20},"end":{"line":55,"column":3}}},"4":{"name":"(anonymous_4)","decl":{"start":{"line":44,"column":40},"end":{"line":44,"column":43}},"loc":{"start":{"line":44,"column":45},"end":{"line":46,"column":5}}},"5":{"name":"(anonymous_5)","decl":{"start":{"line":48,"column":36},"end":{"line":48,"column":37}},"loc":{"start":{"line":48,"column":44},"end":{"line":50,"column":5}}},"6":{"name":"(anonymous_6)","decl":{"start":{"line":52,"column":43},"end":{"line":52,"column":46}},"loc":{"start":{"line":52,"column":48},"end":{"line":54,"column":5}}}},"branchMap":{},"s":{"0":1,"1":1,"2":1,"3":1,"4":1,"5":1,"6":1,"7":1,"8":1,"9":1,"10":1,"11":1,"12":1,"13":1,"14":1,"15":1,"16":1,"17":1,"18":1,"19":1,"20":1,"21":1,"22":1,"23":1,"24":1,"25":0,"26":1,"27":0,"28":1},"f":{"0":1,"1":1,"2":1,"3":1,"4":1,"5":0,"6":0},"b":{}}
,"/home/dell/Desktop/Training/Node.JS/College-ERP/src/application.routes.ts": {"path":"/home/dell/Desktop/Training/Node.JS/College-ERP/src/application.routes.ts","statementMap":{"0":{"start":{"line":2,"column":0},"end":{"line":2,"column":73}},"1":{"start":{"line":3,"column":0},"end":{"line":3,"column":64}},"2":{"start":{"line":4,"column":0},"end":{"line":4,"column":64}},"3":{"start":{"line":5,"column":0},"end":{"line":5,"column":73}},"4":{"start":{"line":6,"column":0},"end":{"line":6,"column":33}},"5":{"start":{"line":10,"column":8},"end":{"line":10,"column":33}},"6":{"start":{"line":11,"column":8},"end":{"line":11,"column":48}},"7":{"start":{"line":12,"column":8},"end":{"line":12,"column":42}},"8":{"start":{"line":13,"column":8},"end":{"line":13,"column":42}},"9":{"start":{"line":14,"column":8},"end":{"line":14,"column":48}},"10":{"start":{"line":8,"column":0},"end":{"line":8,"column":21}}},"fnMap":{"0":{"name":"(anonymous_0)","decl":{"start":{"line":9,"column":11},"end":{"line":9,"column":17}},"loc":{"start":{"line":9,"column":47},"end":{"line":15,"column":5}}}},"branchMap":{},"s":{"0":1,"1":1,"2":1,"3":1,"4":1,"5":1,"6":1,"7":1,"8":1,"9":1,"10":1},"f":{"0":1},"b":{}}
,"/home/dell/Desktop/Training/Node.JS/College-ERP/src/config.ts": {"path":"/home/dell/Desktop/Training/Node.JS/College-ERP/src/config.ts","statementMap":{"0":{"start":{"line":1,"column":0},"end":{"line":1,"column":33}},"1":{"start":{"line":3,"column":0},"end":{"line":3,"column":16}},"2":{"start":{"line":5,"column":15},"end":{"line":12,"column":2}},"3":{"start":{"line":13,"column":0},"end":{"line":13,"column":22}}},"fnMap":{},"branchMap":{},"s":{"0":1,"1":1,"2":1,"3":1},"f":{},"b":{}}
,"/home/dell/Desktop/Training/Node.JS/College-ERP/src/index.ts": {"path":"/home/dell/Desktop/Training/Node.JS/College-ERP/src/index.ts","statementMap":{"0":{"start":{"line":1,"column":0},"end":{"line":1,"column":33}},"1":{"start":{"line":7,"column":2},"end":{"line":7,"column":25}},"2":{"start":{"line":8,"column":2},"end":{"line":8,"column":26}},"3":{"start":{"line":12,"column":2},"end":{"line":14,"column":5}},"4":{"start":{"line":13,"column":3},"end":{"line":13,"column":46}},"5":{"start":{"line":18,"column":0},"end":{"line":18,"column":39}}},"fnMap":{"0":{"name":"(anonymous_0)","decl":{"start":{"line":6,"column":1},"end":{"line":6,"column":null}},"loc":{"start":{"line":6,"column":1},"end":{"line":9,"column":2}}},"1":{"name":"(anonymous_1)","decl":{"start":{"line":11,"column":1},"end":{"line":11,"column":17}},"loc":{"start":{"line":11,"column":17},"end":{"line":15,"column":2}}},"2":{"name":"(anonymous_2)","decl":{"start":{"line":12,"column":23},"end":{"line":12,"column":24}},"loc":{"start":{"line":12,"column":36},"end":{"line":14,"column":3}}}},"branchMap":{},"s":{"0":1,"1":1,"2":1,"3":1,"4":0,"5":1},"f":{"0":1,"1":1,"2":0},"b":{}}
,"/home/dell/Desktop/Training/Node.JS/College-ERP/src/Components/Attendance/attendance.DAL.ts": {"path":"/home/dell/Desktop/Training/Node.JS/College-ERP/src/Components/Attendance/attendance.DAL.ts","statementMap":{"0":{"start":{"line":1,"column":0},"end":{"line":1,"column":null}},"1":{"start":{"line":11,"column":4},"end":{"line":23,"column":null}},"2":{"start":{"line":12,"column":8},"end":{"line":18,"column":11}},"3":{"start":{"line":13,"column":12},"end":{"line":17,"column":null}},"4":{"start":{"line":14,"column":32},"end":{"line":14,"column":75}},"5":{"start":{"line":15,"column":16},"end":{"line":15,"column":96}},"6":{"start":{"line":16,"column":16},"end":{"line":16,"column":37}},"7":{"start":{"line":19,"column":8},"end":{"line":19,"column":20}},"8":{"start":{"line":22,"column":8},"end":{"line":22,"column":31}},"9":{"start":{"line":10,"column":0},"end":{"line":10,"column":7}}},"fnMap":{"0":{"name":"fillAttendance","decl":{"start":{"line":10,"column":22},"end":{"line":10,"column":36}},"loc":{"start":{"line":10,"column":51},"end":{"line":24,"column":1}}},"1":{"name":"(anonymous_1)","decl":{"start":{"line":12,"column":27},"end":{"line":12,"column":32}},"loc":{"start":{"line":12,"column":48},"end":{"line":18,"column":9}}}},"branchMap":{"0":{"loc":{"start":{"line":13,"column":12},"end":{"line":17,"column":null}},"type":"if","locations":[{"start":{"line":13,"column":12},"end":{"line":17,"column":null}}]},"1":{"loc":{"start":{"line":13,"column":16},"end":{"line":13,"column":89}},"type":"binary-expr","locations":[{"start":{"line":13,"column":16},"end":{"line":13,"column":40}},{"start":{"line":13,"column":44},"end":{"line":13,"column":63}},{"start":{"line":13,"column":67},"end":{"line":13,"column":89}}]}},"s":{"0":1,"1":0,"2":0,"3":0,"4":0,"5":0,"6":0,"7":0,"8":0,"9":1},"f":{"0":0,"1":0},"b":{"0":[0],"1":[0,0,0]}}
,"/home/dell/Desktop/Training/Node.JS/College-ERP/src/Components/Attendance/attendance.controller.ts": {"path":"/home/dell/Desktop/Training/Node.JS/College-ERP/src/Components/Attendance/attendance.controller.ts","statementMap":{"0":{"start":{"line":1,"column":0},"end":{"line":1,"column":null}},"1":{"start":{"line":13,"column":8},"end":{"line":19,"column":null}},"2":{"start":{"line":14,"column":29},"end":{"line":14,"column":53}},"3":{"start":{"line":15,"column":12},"end":{"line":15,"column":130}},"4":{"start":{"line":18,"column":12},"end":{"line":18,"column":105}},"5":{"start":{"line":22,"column":0},"end":{"line":22,"column":33}}},"fnMap":{"0":{"name":"(anonymous_0)","decl":{"start":{"line":12,"column":4},"end":{"line":12,"column":9}},"loc":{"start":{"line":12,"column":33},"end":{"line":20,"column":5}}}},"branchMap":{},"s":{"0":1,"1":0,"2":0,"3":0,"4":0,"5":1},"f":{"0":0},"b":{}}
,"/home/dell/Desktop/Training/Node.JS/College-ERP/src/Components/Attendance/attendance.routes.ts": {"path":"/home/dell/Desktop/Training/Node.JS/College-ERP/src/Components/Attendance/attendance.routes.ts","statementMap":{"0":{"start":{"line":1,"column":0},"end":{"line":1,"column":33}},"1":{"start":{"line":4,"column":0},"end":{"line":4,"column":59}},"2":{"start":{"line":5,"column":0},"end":{"line":5,"column":56}},"3":{"start":{"line":6,"column":0},"end":{"line":6,"column":54}},"4":{"start":{"line":11,"column":4},"end":{"line":11,"column":54}},"5":{"start":{"line":14,"column":8},"end":{"line":14,"column":31}},"6":{"start":{"line":15,"column":8},"end":{"line":15,"column":32}},"7":{"start":{"line":20,"column":8},"end":{"line":20,"column":106}},"8":{"start":{"line":25,"column":0},"end":{"line":25,"column":null}}},"fnMap":{"0":{"name":"(anonymous_0)","decl":{"start":{"line":13,"column":4},"end":{"line":13,"column":null}},"loc":{"start":{"line":13,"column":4},"end":{"line":16,"column":5}}},"1":{"name":"(anonymous_1)","decl":{"start":{"line":18,"column":4},"end":{"line":18,"column":20}},"loc":{"start":{"line":18,"column":20},"end":{"line":21,"column":5}}}},"branchMap":{},"s":{"0":1,"1":1,"2":1,"3":1,"4":1,"5":1,"6":1,"7":1,"8":1},"f":{"0":1,"1":1},"b":{}}
,"/home/dell/Desktop/Training/Node.JS/College-ERP/src/Components/Department/department.DAL.ts": {"path":"/home/dell/Desktop/Training/Node.JS/College-ERP/src/Components/Department/department.DAL.ts","statementMap":{"0":{"start":{"line":3,"column":0},"end":{"line":3,"column":43}},"1":{"start":{"line":11,"column":4},"end":{"line":16,"column":null}},"2":{"start":{"line":12,"column":8},"end":{"line":12,"column":55}},"3":{"start":{"line":15,"column":8},"end":{"line":15,"column":31}},"4":{"start":{"line":10,"column":0},"end":{"line":10,"column":7}},"5":{"start":{"line":24,"column":4},"end":{"line":29,"column":null}},"6":{"start":{"line":25,"column":8},"end":{"line":25,"column":57}},"7":{"start":{"line":28,"column":8},"end":{"line":28,"column":31}},"8":{"start":{"line":23,"column":0},"end":{"line":23,"column":7}},"9":{"start":{"line":38,"column":4},"end":{"line":43,"column":null}},"10":{"start":{"line":39,"column":8},"end":{"line":39,"column":45}},"11":{"start":{"line":42,"column":8},"end":{"line":42,"column":31}},"12":{"start":{"line":37,"column":0},"end":{"line":37,"column":7}}},"fnMap":{"0":{"name":"createDepartment","decl":{"start":{"line":10,"column":22},"end":{"line":10,"column":38}},"loc":{"start":{"line":10,"column":53},"end":{"line":17,"column":1}}},"1":{"name":"findDepartments","decl":{"start":{"line":23,"column":22},"end":{"line":23,"column":37}},"loc":{"start":{"line":23,"column":37},"end":{"line":30,"column":1}}},"2":{"name":"findDepartmentById","decl":{"start":{"line":37,"column":22},"end":{"line":37,"column":40}},"loc":{"start":{"line":37,"column":52},"end":{"line":44,"column":1}}}},"branchMap":{},"s":{"0":1,"1":1,"2":1,"3":0,"4":1,"5":0,"6":0,"7":0,"8":1,"9":0,"10":0,"11":0,"12":1},"f":{"0":1,"1":0,"2":0},"b":{}}
,"/home/dell/Desktop/Training/Node.JS/College-ERP/src/Components/Department/department.controller.ts": {"path":"/home/dell/Desktop/Training/Node.JS/College-ERP/src/Components/Department/department.controller.ts","statementMap":{"0":{"start":{"line":3,"column":0},"end":{"line":3,"column":null}},"1":{"start":{"line":10,"column":0},"end":{"line":10,"column":44}},"2":{"start":{"line":20,"column":8},"end":{"line":28,"column":null}},"3":{"start":{"line":21,"column":12},"end":{"line":21,"column":null}},"4":{"start":{"line":22,"column":34},"end":{"line":22,"column":42}},"5":{"start":{"line":23,"column":31},"end":{"line":23,"column":68}},"6":{"start":{"line":24,"column":12},"end":{"line":24,"column":155}},"7":{"start":{"line":27,"column":12},"end":{"line":27,"column":137}},"8":{"start":{"line":37,"column":8},"end":{"line":43,"column":null}},"9":{"start":{"line":38,"column":32},"end":{"line":38,"column":55}},"10":{"start":{"line":39,"column":12},"end":{"line":39,"column":128}},"11":{"start":{"line":42,"column":12},"end":{"line":42,"column":133}},"12":{"start":{"line":52,"column":8},"end":{"line":67,"column":null}},"13":{"start":{"line":53,"column":23},"end":{"line":53,"column":36}},"14":{"start":{"line":54,"column":31},"end":{"line":54,"column":76}},"15":{"start":{"line":55,"column":12},"end":{"line":57,"column":null}},"16":{"start":{"line":56,"column":16},"end":{"line":56,"column":126}},"17":{"start":{"line":58,"column":12},"end":{"line":60,"column":null}},"18":{"start":{"line":59,"column":16},"end":{"line":59,"column":null}},"19":{"start":{"line":61,"column":12},"end":{"line":61,"column":36}},"20":{"start":{"line":62,"column":12},"end":{"line":62,"column":151}},"21":{"start":{"line":66,"column":12},"end":{"line":66,"column":51}},"22":{"start":{"line":76,"column":8},"end":{"line":88,"column":null}},"23":{"start":{"line":77,"column":23},"end":{"line":77,"column":36}},"24":{"start":{"line":78,"column":31},"end":{"line":78,"column":76}},"25":{"start":{"line":79,"column":12},"end":{"line":81,"column":null}},"26":{"start":{"line":80,"column":16},"end":{"line":80,"column":126}},"27":{"start":{"line":82,"column":12},"end":{"line":82,"column":41}},"28":{"start":{"line":83,"column":12},"end":{"line":83,"column":150}},"29":{"start":{"line":87,"column":12},"end":{"line":87,"column":128}},"30":{"start":{"line":91,"column":0},"end":{"line":91,"column":36}}},"fnMap":{"0":{"name":"(anonymous_0)","decl":{"start":{"line":19,"column":4},"end":{"line":19,"column":9}},"loc":{"start":{"line":19,"column":35},"end":{"line":29,"column":5}}},"1":{"name":"(anonymous_1)","decl":{"start":{"line":36,"column":4},"end":{"line":36,"column":9}},"loc":{"start":{"line":36,"column":33},"end":{"line":44,"column":5}}},"2":{"name":"(anonymous_2)","decl":{"start":{"line":51,"column":4},"end":{"line":51,"column":9}},"loc":{"start":{"line":51,"column":35},"end":{"line":68,"column":5}}},"3":{"name":"(anonymous_3)","decl":{"start":{"line":75,"column":4},"end":{"line":75,"column":9}},"loc":{"start":{"line":75,"column":35},"end":{"line":89,"column":5}}}},"branchMap":{"0":{"loc":{"start":{"line":55,"column":12},"end":{"line":57,"column":null}},"type":"if","locations":[{"start":{"line":55,"column":12},"end":{"line":57,"column":null}}]},"1":{"loc":{"start":{"line":79,"column":12},"end":{"line":81,"column":null}},"type":"if","locations":[{"start":{"line":79,"column":12},"end":{"line":81,"column":null}}]}},"s":{"0":1,"1":1,"2":1,"3":1,"4":1,"5":1,"6":1,"7":0,"8":0,"9":0,"10":0,"11":0,"12":0,"13":0,"14":0,"15":0,"16":0,"17":0,"18":0,"19":0,"20":0,"21":0,"22":0,"23":0,"24":0,"25":0,"26":0,"27":0,"28":0,"29":0,"30":1},"f":{"0":1,"1":0,"2":0,"3":0},"b":{"0":[0],"1":[0]}}
,"/home/dell/Desktop/Training/Node.JS/College-ERP/src/Components/Department/department.model.ts": {"path":"/home/dell/Desktop/Training/Node.JS/College-ERP/src/Components/Department/department.model.ts","statementMap":{"0":{"start":{"line":1,"column":0},"end":{"line":1,"column":32}},"1":{"start":{"line":3,"column":26},"end":{"line":3,"column":34}},"2":{"start":{"line":6,"column":25},"end":{"line":21,"column":2}},"3":{"start":{"line":23,"column":19},"end":{"line":23,"column":56}},"4":{"start":{"line":24,"column":0},"end":{"line":24,"column":26}}},"fnMap":{},"branchMap":{},"s":{"0":1,"1":1,"2":1,"3":1,"4":1},"f":{},"b":{}}
,"/home/dell/Desktop/Training/Node.JS/College-ERP/src/Components/Department/department.routes.ts": {"path":"/home/dell/Desktop/Training/Node.JS/College-ERP/src/Components/Department/department.routes.ts","statementMap":{"0":{"start":{"line":1,"column":0},"end":{"line":1,"column":33}},"1":{"start":{"line":3,"column":0},"end":{"line":3,"column":59}},"2":{"start":{"line":4,"column":0},"end":{"line":4,"column":56}},"3":{"start":{"line":5,"column":0},"end":{"line":5,"column":54}},"4":{"start":{"line":10,"column":4},"end":{"line":10,"column":54}},"5":{"start":{"line":13,"column":8},"end":{"line":13,"column":31}},"6":{"start":{"line":14,"column":8},"end":{"line":14,"column":32}},"7":{"start":{"line":19,"column":8},"end":{"line":19,"column":107}},"8":{"start":{"line":22,"column":8},"end":{"line":22,"column":102}},"9":{"start":{"line":25,"column":8},"end":{"line":25,"column":116}},"10":{"start":{"line":28,"column":8},"end":{"line":28,"column":117}},"11":{"start":{"line":33,"column":0},"end":{"line":33,"column":null}}},"fnMap":{"0":{"name":"(anonymous_0)","decl":{"start":{"line":12,"column":4},"end":{"line":12,"column":null}},"loc":{"start":{"line":12,"column":4},"end":{"line":15,"column":5}}},"1":{"name":"(anonymous_1)","decl":{"start":{"line":17,"column":4},"end":{"line":17,"column":20}},"loc":{"start":{"line":17,"column":20},"end":{"line":29,"column":5}}}},"branchMap":{},"s":{"0":1,"1":1,"2":1,"3":1,"4":1,"5":1,"6":1,"7":1,"8":1,"9":1,"10":1,"11":1},"f":{"0":1,"1":1},"b":{}}
,"/home/dell/Desktop/Training/Node.JS/College-ERP/src/Components/Faculty/faculty.DAL.ts": {"path":"/home/dell/Desktop/Training/Node.JS/College-ERP/src/Components/Faculty/faculty.DAL.ts","statementMap":{"0":{"start":{"line":3,"column":0},"end":{"line":3,"column":37}},"1":{"start":{"line":12,"column":4},"end":{"line":17,"column":null}},"2":{"start":{"line":13,"column":8},"end":{"line":13,"column":49}},"3":{"start":{"line":16,"column":8},"end":{"line":16,"column":31}},"4":{"start":{"line":11,"column":0},"end":{"line":11,"column":7}},"5":{"start":{"line":25,"column":4},"end":{"line":30,"column":null}},"6":{"start":{"line":26,"column":8},"end":{"line":26,"column":50}},"7":{"start":{"line":29,"column":8},"end":{"line":29,"column":31}},"8":{"start":{"line":24,"column":0},"end":{"line":24,"column":7}},"9":{"start":{"line":38,"column":4},"end":{"line":51,"column":null}},"10":{"start":{"line":39,"column":8},"end":{"line":47,"column":18}},"11":{"start":{"line":50,"column":8},"end":{"line":50,"column":31}},"12":{"start":{"line":37,"column":0},"end":{"line":37,"column":7}},"13":{"start":{"line":60,"column":4},"end":{"line":64,"column":null}},"14":{"start":{"line":61,"column":8},"end":{"line":61,"column":42}},"15":{"start":{"line":59,"column":0},"end":{"line":59,"column":7}}},"fnMap":{"0":{"name":"createFaculty","decl":{"start":{"line":11,"column":22},"end":{"line":11,"column":35}},"loc":{"start":{"line":11,"column":47},"end":{"line":18,"column":1}}},"1":{"name":"findFacultyByEmailId","decl":{"start":{"line":24,"column":22},"end":{"line":24,"column":42}},"loc":{"start":{"line":24,"column":50},"end":{"line":31,"column":1}}},"2":{"name":"findFaculties","decl":{"start":{"line":37,"column":22},"end":{"line":37,"column":35}},"loc":{"start":{"line":37,"column":47},"end":{"line":52,"column":1}}},"3":{"name":"findFacultyById","decl":{"start":{"line":59,"column":22},"end":{"line":59,"column":37}},"loc":{"start":{"line":59,"column":49},"end":{"line":65,"column":1}}}},"branchMap":{},"s":{"0":1,"1":0,"2":0,"3":0,"4":1,"5":0,"6":0,"7":0,"8":1,"9":0,"10":0,"11":0,"12":1,"13":2,"14":2,"15":1},"f":{"0":0,"1":0,"2":0,"3":2},"b":{}}
,"/home/dell/Desktop/Training/Node.JS/College-ERP/src/Components/Faculty/faculty.controller.ts": {"path":"/home/dell/Desktop/Training/Node.JS/College-ERP/src/Components/Faculty/faculty.controller.ts","statementMap":{"0":{"start":{"line":1,"column":0},"end":{"line":1,"column":33}},"1":{"start":{"line":2,"column":0},"end":{"line":2,"column":36}},"2":{"start":{"line":5,"column":0},"end":{"line":5,"column":33}},"3":{"start":{"line":7,"column":0},"end":{"line":7,"column":null}},"4":{"start":{"line":13,"column":0},"end":{"line":13,"column":38}},"5":{"start":{"line":15,"column":0},"end":{"line":15,"column":16}},"6":{"start":{"line":24,"column":8},"end":{"line":31,"column":null}},"7":{"start":{"line":25,"column":31},"end":{"line":25,"column":39}},"8":{"start":{"line":26,"column":28},"end":{"line":26,"column":59}},"9":{"start":{"line":27,"column":12},"end":{"line":27,"column":149}},"10":{"start":{"line":30,"column":12},"end":{"line":30,"column":131}},"11":{"start":{"line":40,"column":8},"end":{"line":71,"column":null}},"12":{"start":{"line":41,"column":42},"end":{"line":41,"column":50}},"13":{"start":{"line":42,"column":12},"end":{"line":44,"column":null}},"14":{"start":{"line":43,"column":16},"end":{"line":43,"column":144}},"15":{"start":{"line":46,"column":28},"end":{"line":46,"column":76}},"16":{"start":{"line":49,"column":12},"end":{"line":67,"column":null}},"17":{"start":{"line":50,"column":30},"end":{"line":50,"column":78}},"18":{"start":{"line":51,"column":16},"end":{"line":51,"column":35}},"19":{"start":{"line":53,"column":16},"end":{"line":63,"column":null}},"20":{"start":{"line":54,"column":39},"end":{"line":54,"column":62}},"21":{"start":{"line":56,"column":34},"end":{"line":56,"column":137}},"22":{"start":{"line":57,"column":20},"end":{"line":57,"column":46}},"23":{"start":{"line":58,"column":20},"end":{"line":58,"column":41}},"24":{"start":{"line":59,"column":20},"end":{"line":59,"column":165}},"25":{"start":{"line":62,"column":20},"end":{"line":62,"column":137}},"26":{"start":{"line":66,"column":16},"end":{"line":66,"column":133}},"27":{"start":{"line":70,"column":12},"end":{"line":70,"column":119}},"28":{"start":{"line":80,"column":8},"end":{"line":92,"column":null}},"29":{"start":{"line":81,"column":23},"end":{"line":81,"column":39}},"30":{"start":{"line":82,"column":28},"end":{"line":82,"column":53}},"31":{"start":{"line":83,"column":12},"end":{"line":85,"column":null}},"32":{"start":{"line":84,"column":16},"end":{"line":84,"column":123}},"33":{"start":{"line":86,"column":12},"end":{"line":86,"column":36}},"34":{"start":{"line":87,"column":12},"end":{"line":87,"column":33}},"35":{"start":{"line":88,"column":12},"end":{"line":88,"column":144}},"36":{"start":{"line":91,"column":12},"end":{"line":91,"column":119}},"37":{"start":{"line":101,"column":8},"end":{"line":108,"column":null}},"38":{"start":{"line":102,"column":30},"end":{"line":102,"column":66}},"39":{"start":{"line":103,"column":12},"end":{"line":103,"column":126}},"40":{"start":{"line":107,"column":12},"end":{"line":107,"column":127}},"41":{"start":{"line":117,"column":8},"end":{"line":133,"column":null}},"42":{"start":{"line":118,"column":21},"end":{"line":118,"column":34}},"43":{"start":{"line":120,"column":28},"end":{"line":120,"column":53}},"44":{"start":{"line":121,"column":12},"end":{"line":123,"column":null}},"45":{"start":{"line":122,"column":16},"end":{"line":122,"column":123}},"46":{"start":{"line":125,"column":12},"end":{"line":127,"column":null}},"47":{"start":{"line":126,"column":16},"end":{"line":126,"column":null}},"48":{"start":{"line":128,"column":12},"end":{"line":128,"column":33}},"49":{"start":{"line":129,"column":12},"end":{"line":129,"column":144}},"50":{"start":{"line":132,"column":12},"end":{"line":132,"column":130}},"51":{"start":{"line":142,"column":8},"end":{"line":154,"column":null}},"52":{"start":{"line":143,"column":23},"end":{"line":143,"column":36}},"53":{"start":{"line":144,"column":28},"end":{"line":144,"column":53}},"54":{"start":{"line":145,"column":12},"end":{"line":147,"column":null}},"55":{"start":{"line":146,"column":16},"end":{"line":146,"column":123}},"56":{"start":{"line":148,"column":12},"end":{"line":148,"column":38}},"57":{"start":{"line":149,"column":12},"end":{"line":149,"column":144}},"58":{"start":{"line":153,"column":12},"end":{"line":153,"column":130}},"59":{"start":{"line":163,"column":8},"end":{"line":172,"column":null}},"60":{"start":{"line":164,"column":28},"end":{"line":164,"column":68}},"61":{"start":{"line":165,"column":12},"end":{"line":167,"column":null}},"62":{"start":{"line":166,"column":16},"end":{"line":166,"column":123}},"63":{"start":{"line":168,"column":12},"end":{"line":168,"column":124}},"64":{"start":{"line":171,"column":12},"end":{"line":171,"column":134}},"65":{"start":{"line":175,"column":0},"end":{"line":175,"column":33}}},"fnMap":{"0":{"name":"(anonymous_0)","decl":{"start":{"line":23,"column":4},"end":{"line":23,"column":9}},"loc":{"start":{"line":23,"column":32},"end":{"line":32,"column":5}}},"1":{"name":"(anonymous_1)","decl":{"start":{"line":39,"column":4},"end":{"line":39,"column":9}},"loc":{"start":{"line":39,"column":31},"end":{"line":72,"column":5}}},"2":{"name":"(anonymous_2)","decl":{"start":{"line":79,"column":4},"end":{"line":79,"column":9}},"loc":{"start":{"line":79,"column":32},"end":{"line":93,"column":5}}},"3":{"name":"(anonymous_3)","decl":{"start":{"line":100,"column":4},"end":{"line":100,"column":9}},"loc":{"start":{"line":100,"column":31},"end":{"line":109,"column":5}}},"4":{"name":"(anonymous_4)","decl":{"start":{"line":116,"column":4},"end":{"line":116,"column":9}},"loc":{"start":{"line":116,"column":32},"end":{"line":134,"column":5}}},"5":{"name":"(anonymous_5)","decl":{"start":{"line":141,"column":4},"end":{"line":141,"column":9}},"loc":{"start":{"line":141,"column":32},"end":{"line":155,"column":5}}},"6":{"name":"(anonymous_6)","decl":{"start":{"line":162,"column":4},"end":{"line":162,"column":9}},"loc":{"start":{"line":162,"column":29},"end":{"line":173,"column":5}}}},"branchMap":{"0":{"loc":{"start":{"line":42,"column":12},"end":{"line":44,"column":null}},"type":"if","locations":[{"start":{"line":42,"column":12},"end":{"line":44,"column":null}}]},"1":{"loc":{"start":{"line":42,"column":16},"end":{"line":42,"column":37}},"type":"binary-expr","locations":[{"start":{"line":42,"column":16},"end":{"line":42,"column":24}},{"start":{"line":42,"column":28},"end":{"line":42,"column":37}}]},"2":{"loc":{"start":{"line":49,"column":12},"end":{"line":67,"column":null}},"type":"if","locations":[{"start":{"line":49,"column":12},"end":{"line":67,"column":null}},{"start":{"line":65,"column":17},"end":{"line":67,"column":null}}]},"3":{"loc":{"start":{"line":53,"column":16},"end":{"line":63,"column":null}},"type":"if","locations":[{"start":{"line":53,"column":16},"end":{"line":63,"column":null}},{"start":{"line":61,"column":21},"end":{"line":63,"column":null}}]},"4":{"loc":{"start":{"line":83,"column":12},"end":{"line":85,"column":null}},"type":"if","locations":[{"start":{"line":83,"column":12},"end":{"line":85,"column":null}}]},"5":{"loc":{"start":{"line":121,"column":12},"end":{"line":123,"column":null}},"type":"if","locations":[{"start":{"line":121,"column":12},"end":{"line":123,"column":null}}]},"6":{"loc":{"start":{"line":145,"column":12},"end":{"line":147,"column":null}},"type":"if","locations":[{"start":{"line":145,"column":12},"end":{"line":147,"column":null}}]},"7":{"loc":{"start":{"line":165,"column":12},"end":{"line":167,"column":null}},"type":"if","locations":[{"start":{"line":165,"column":12},"end":{"line":167,"column":null}}]}},"s":{"0":1,"1":1,"2":1,"3":1,"4":1,"5":1,"6":0,"7":0,"8":0,"9":0,"10":0,"11":0,"12":0,"13":0,"14":0,"15":0,"16":0,"17":0,"18":0,"19":0,"20":0,"21":0,"22":0,"23":0,"24":0,"25":0,"26":0,"27":0,"28":0,"29":0,"30":0,"31":0,"32":0,"33":0,"34":0,"35":0,"36":0,"37":0,"38":0,"39":0,"40":0,"41":0,"42":0,"43":0,"44":0,"45":0,"46":0,"47":0,"48":0,"49":0,"50":0,"51":0,"52":0,"53":0,"54":0,"55":0,"56":0,"57":0,"58":0,"59":0,"60":0,"61":0,"62":0,"63":0,"64":0,"65":1},"f":{"0":0,"1":0,"2":0,"3":0,"4":0,"5":0,"6":0},"b":{"0":[0],"1":[0,0],"2":[0,0],"3":[0,0],"4":[0],"5":[0],"6":[0],"7":[0]}}
,"/home/dell/Desktop/Training/Node.JS/College-ERP/src/Components/Faculty/faculty.model.ts": {"path":"/home/dell/Desktop/Training/Node.JS/College-ERP/src/Components/Faculty/faculty.model.ts","statementMap":{"0":{"start":{"line":1,"column":0},"end":{"line":1,"column":32}},"1":{"start":{"line":2,"column":0},"end":{"line":2,"column":33}},"2":{"start":{"line":4,"column":26},"end":{"line":4,"column":34}},"3":{"start":{"line":7,"column":22},"end":{"line":40,"column":2}},"4":{"start":{"line":43,"column":0},"end":{"line":53,"column":3}},"5":{"start":{"line":44,"column":4},"end":{"line":52,"column":null}},"6":{"start":{"line":45,"column":8},"end":{"line":47,"column":null}},"7":{"start":{"line":46,"column":12},"end":{"line":46,"column":64}},"8":{"start":{"line":48,"column":8},"end":{"line":48,"column":15}},"9":{"start":{"line":56,"column":16},"end":{"line":56,"column":47}},"10":{"start":{"line":57,"column":0},"end":{"line":57,"column":23}}},"fnMap":{"0":{"name":"(anonymous_0)","decl":{"start":{"line":43,"column":26},"end":{"line":43,"column":31}},"loc":{"start":{"line":43,"column":46},"end":{"line":53,"column":1}}}},"branchMap":{"0":{"loc":{"start":{"line":45,"column":8},"end":{"line":47,"column":null}},"type":"if","locations":[{"start":{"line":45,"column":8},"end":{"line":47,"column":null}}]}},"s":{"0":1,"1":1,"2":1,"3":1,"4":1,"5":1,"6":1,"7":1,"8":1,"9":1,"10":1},"f":{"0":1},"b":{"0":[1]}}
,"/home/dell/Desktop/Training/Node.JS/College-ERP/src/Components/Faculty/faculty.routes.ts": {"path":"/home/dell/Desktop/Training/Node.JS/College-ERP/src/Components/Faculty/faculty.routes.ts","statementMap":{"0":{"start":{"line":1,"column":0},"end":{"line":1,"column":33}},"1":{"start":{"line":3,"column":0},"end":{"line":3,"column":53}},"2":{"start":{"line":4,"column":0},"end":{"line":4,"column":56}},"3":{"start":{"line":5,"column":0},"end":{"line":5,"column":54}},"4":{"start":{"line":10,"column":4},"end":{"line":10,"column":48}},"5":{"start":{"line":13,"column":8},"end":{"line":13,"column":31}},"6":{"start":{"line":14,"column":8},"end":{"line":14,"column":32}},"7":{"start":{"line":19,"column":8},"end":{"line":19,"column":71}},"8":{"start":{"line":22,"column":8},"end":{"line":22,"column":72}},"9":{"start":{"line":25,"column":8},"end":{"line":25,"column":104}},"10":{"start":{"line":28,"column":8},"end":{"line":28,"column":96}},"11":{"start":{"line":31,"column":8},"end":{"line":31,"column":110}},"12":{"start":{"line":34,"column":8},"end":{"line":34,"column":111}},"13":{"start":{"line":37,"column":8},"end":{"line":37,"column":96}},"14":{"start":{"line":41,"column":0},"end":{"line":41,"column":null}}},"fnMap":{"0":{"name":"(anonymous_0)","decl":{"start":{"line":12,"column":4},"end":{"line":12,"column":null}},"loc":{"start":{"line":12,"column":4},"end":{"line":15,"column":5}}},"1":{"name":"(anonymous_1)","decl":{"start":{"line":17,"column":4},"end":{"line":17,"column":20}},"loc":{"start":{"line":17,"column":20},"end":{"line":38,"column":5}}}},"branchMap":{},"s":{"0":1,"1":1,"2":1,"3":1,"4":1,"5":1,"6":1,"7":1,"8":1,"9":1,"10":1,"11":1,"12":1,"13":1,"14":1},"f":{"0":1,"1":1},"b":{}}
,"/home/dell/Desktop/Training/Node.JS/College-ERP/src/Components/Student/student.DAL.ts": {"path":"/home/dell/Desktop/Training/Node.JS/College-ERP/src/Components/Student/student.DAL.ts","statementMap":{"0":{"start":{"line":3,"column":0},"end":{"line":3,"column":38}},"1":{"start":{"line":11,"column":4},"end":{"line":17,"column":null}},"2":{"start":{"line":12,"column":8},"end":{"line":12,"column":49}},"3":{"start":{"line":16,"column":8},"end":{"line":16,"column":31}},"4":{"start":{"line":10,"column":0},"end":{"line":10,"column":7}},"5":{"start":{"line":27,"column":4},"end":{"line":32,"column":null}},"6":{"start":{"line":28,"column":8},"end":{"line":28,"column":50}},"7":{"start":{"line":31,"column":8},"end":{"line":31,"column":31}},"8":{"start":{"line":26,"column":0},"end":{"line":26,"column":7}},"9":{"start":{"line":40,"column":4},"end":{"line":45,"column":null}},"10":{"start":{"line":41,"column":8},"end":{"line":41,"column":43}},"11":{"start":{"line":44,"column":8},"end":{"line":44,"column":31}},"12":{"start":{"line":39,"column":0},"end":{"line":39,"column":7}},"13":{"start":{"line":54,"column":4},"end":{"line":59,"column":null}},"14":{"start":{"line":55,"column":8},"end":{"line":55,"column":42}},"15":{"start":{"line":58,"column":8},"end":{"line":58,"column":31}},"16":{"start":{"line":53,"column":0},"end":{"line":53,"column":7}},"17":{"start":{"line":67,"column":4},"end":{"line":157,"column":null}},"18":{"start":{"line":68,"column":25},"end":{"line":150,"column":10}},"19":{"start":{"line":151,"column":21},"end":{"line":151,"column":80}},"20":{"start":{"line":153,"column":8},"end":{"line":153,"column":20}},"21":{"start":{"line":156,"column":8},"end":{"line":156,"column":31}},"22":{"start":{"line":66,"column":0},"end":{"line":66,"column":7}},"23":{"start":{"line":166,"column":4},"end":{"line":254,"column":null}},"24":{"start":{"line":167,"column":30},"end":{"line":232,"column":null}},"25":{"start":{"line":233,"column":8},"end":{"line":240,"column":null}},"26":{"start":{"line":234,"column":27},"end":{"line":238,"column":null}},"27":{"start":{"line":239,"column":12},"end":{"line":239,"column":null}},"28":{"start":{"line":241,"column":8},"end":{"line":248,"column":null}},"29":{"start":{"line":242,"column":27},"end":{"line":246,"column":null}},"30":{"start":{"line":247,"column":12},"end":{"line":247,"column":null}},"31":{"start":{"line":249,"column":21},"end":{"line":249,"column":61}},"32":{"start":{"line":250,"column":8},"end":{"line":250,"column":20}},"33":{"start":{"line":253,"column":8},"end":{"line":253,"column":31}},"34":{"start":{"line":165,"column":0},"end":{"line":165,"column":7}},"35":{"start":{"line":264,"column":4},"end":{"line":365,"column":null}},"36":{"start":{"line":265,"column":30},"end":{"line":335,"column":10}},"37":{"start":{"line":336,"column":8},"end":{"line":343,"column":null}},"38":{"start":{"line":337,"column":27},"end":{"line":341,"column":null}},"39":{"start":{"line":342,"column":12},"end":{"line":342,"column":null}},"40":{"start":{"line":344,"column":8},"end":{"line":351,"column":null}},"41":{"start":{"line":345,"column":27},"end":{"line":349,"column":null}},"42":{"start":{"line":350,"column":12},"end":{"line":350,"column":null}},"43":{"start":{"line":352,"column":8},"end":{"line":359,"column":null}},"44":{"start":{"line":353,"column":27},"end":{"line":357,"column":null}},"45":{"start":{"line":358,"column":12},"end":{"line":358,"column":42}},"46":{"start":{"line":360,"column":21},"end":{"line":360,"column":80}},"47":{"start":{"line":361,"column":8},"end":{"line":361,"column":20}},"48":{"start":{"line":364,"column":8},"end":{"line":364,"column":31}},"49":{"start":{"line":263,"column":0},"end":{"line":263,"column":7}},"50":{"start":{"line":373,"column":4},"end":{"line":494,"column":null}},"51":{"start":{"line":374,"column":23},"end":{"line":487,"column":null}},"52":{"start":{"line":488,"column":21},"end":{"line":488,"column":80}},"53":{"start":{"line":490,"column":8},"end":{"line":490,"column":20}},"54":{"start":{"line":493,"column":8},"end":{"line":493,"column":null}},"55":{"start":{"line":372,"column":0},"end":{"line":372,"column":7}}},"fnMap":{"0":{"name":"createStudent","decl":{"start":{"line":10,"column":22},"end":{"line":10,"column":35}},"loc":{"start":{"line":10,"column":47},"end":{"line":18,"column":1}}},"1":{"name":"findStudentByEmailId","decl":{"start":{"line":26,"column":22},"end":{"line":26,"column":42}},"loc":{"start":{"line":26,"column":50},"end":{"line":33,"column":1}}},"2":{"name":"findStudents","decl":{"start":{"line":39,"column":22},"end":{"line":39,"column":34}},"loc":{"start":{"line":39,"column":34},"end":{"line":46,"column":1}}},"3":{"name":"findStudentById","decl":{"start":{"line":53,"column":22},"end":{"line":53,"column":37}},"loc":{"start":{"line":53,"column":58},"end":{"line":60,"column":1}}},"4":{"name":"getBatchDepartmentWiseData","decl":{"start":{"line":66,"column":22},"end":{"line":66,"column":48}},"loc":{"start":{"line":66,"column":48},"end":{"line":158,"column":1}}},"5":{"name":"getAbsentStudentBatchYearSemesterDateWise","decl":{"start":{"line":165,"column":22},"end":{"line":165,"column":63}},"loc":{"start":{"line":165,"column":75},"end":{"line":255,"column":1}}},"6":{"name":"getMoreThen75PercentStudent","decl":{"start":{"line":263,"column":22},"end":{"line":263,"column":49}},"loc":{"start":{"line":263,"column":61},"end":{"line":366,"column":1}}},"7":{"name":"getVacancySeat","decl":{"start":{"line":372,"column":22},"end":{"line":372,"column":36}},"loc":{"start":{"line":372,"column":36},"end":{"line":495,"column":1}}}},"branchMap":{"0":{"loc":{"start":{"line":233,"column":8},"end":{"line":240,"column":null}},"type":"if","locations":[{"start":{"line":233,"column":8},"end":{"line":240,"column":null}}]},"1":{"loc":{"start":{"line":241,"column":8},"end":{"line":248,"column":null}},"type":"if","locations":[{"start":{"line":241,"column":8},"end":{"line":248,"column":null}}]},"2":{"loc":{"start":{"line":336,"column":8},"end":{"line":343,"column":null}},"type":"if","locations":[{"start":{"line":336,"column":8},"end":{"line":343,"column":null}}]},"3":{"loc":{"start":{"line":344,"column":8},"end":{"line":351,"column":null}},"type":"if","locations":[{"start":{"line":344,"column":8},"end":{"line":351,"column":null}}]},"4":{"loc":{"start":{"line":352,"column":8},"end":{"line":359,"column":null}},"type":"if","locations":[{"start":{"line":352,"column":8},"end":{"line":359,"column":null}}]}},"s":{"0":1,"1":0,"2":0,"3":0,"4":1,"5":0,"6":0,"7":0,"8":1,"9":0,"10":0,"11":0,"12":1,"13":0,"14":0,"15":0,"16":1,"17":0,"18":0,"19":0,"20":0,"21":0,"22":1,"23":0,"24":0,"25":0,"26":0,"27":0,"28":0,"29":0,"30":0,"31":0,"32":0,"33":0,"34":1,"35":0,"36":0,"37":0,"38":0,"39":0,"40":0,"41":0,"42":0,"43":0,"44":0,"45":0,"46":0,"47":0,"48":0,"49":1,"50":0,"51":0,"52":0,"53":0,"54":0,"55":1},"f":{"0":0,"1":0,"2":0,"3":0,"4":0,"5":0,"6":0,"7":0},"b":{"0":[0],"1":[0],"2":[0],"3":[0],"4":[0]}}
,"/home/dell/Desktop/Training/Node.JS/College-ERP/src/Components/Student/student.controller.ts": {"path":"/home/dell/Desktop/Training/Node.JS/College-ERP/src/Components/Student/student.controller.ts","statementMap":{"0":{"start":{"line":1,"column":0},"end":{"line":1,"column":33}},"1":{"start":{"line":2,"column":0},"end":{"line":2,"column":36}},"2":{"start":{"line":3,"column":0},"end":{"line":3,"column":25}},"3":{"start":{"line":4,"column":0},"end":{"line":4,"column":26}},"4":{"start":{"line":6,"column":0},"end":{"line":6,"column":null}},"5":{"start":{"line":25,"column":8},"end":{"line":33,"column":null}},"6":{"start":{"line":26,"column":31},"end":{"line":26,"column":39}},"7":{"start":{"line":27,"column":28},"end":{"line":27,"column":59}},"8":{"start":{"line":29,"column":12},"end":{"line":29,"column":149}},"9":{"start":{"line":32,"column":12},"end":{"line":32,"column":134}},"10":{"start":{"line":42,"column":8},"end":{"line":71,"column":null}},"11":{"start":{"line":43,"column":42},"end":{"line":43,"column":50}},"12":{"start":{"line":44,"column":12},"end":{"line":46,"column":null}},"13":{"start":{"line":45,"column":16},"end":{"line":45,"column":144}},"14":{"start":{"line":47,"column":28},"end":{"line":47,"column":63}},"15":{"start":{"line":48,"column":12},"end":{"line":67,"column":null}},"16":{"start":{"line":49,"column":30},"end":{"line":49,"column":78}},"17":{"start":{"line":51,"column":16},"end":{"line":63,"column":null}},"18":{"start":{"line":52,"column":39},"end":{"line":53,"column":null}},"19":{"start":{"line":56,"column":34},"end":{"line":56,"column":137}},"20":{"start":{"line":57,"column":20},"end":{"line":57,"column":46}},"21":{"start":{"line":58,"column":20},"end":{"line":58,"column":41}},"22":{"start":{"line":59,"column":20},"end":{"line":59,"column":165}},"23":{"start":{"line":62,"column":20},"end":{"line":62,"column":137}},"24":{"start":{"line":66,"column":16},"end":{"line":66,"column":133}},"25":{"start":{"line":70,"column":12},"end":{"line":70,"column":119}},"26":{"start":{"line":80,"column":8},"end":{"line":92,"column":null}},"27":{"start":{"line":81,"column":23},"end":{"line":81,"column":39}},"28":{"start":{"line":82,"column":28},"end":{"line":82,"column":53}},"29":{"start":{"line":83,"column":12},"end":{"line":85,"column":null}},"30":{"start":{"line":84,"column":16},"end":{"line":84,"column":123}},"31":{"start":{"line":86,"column":12},"end":{"line":86,"column":36}},"32":{"start":{"line":87,"column":12},"end":{"line":87,"column":33}},"33":{"start":{"line":88,"column":12},"end":{"line":88,"column":144}},"34":{"start":{"line":91,"column":12},"end":{"line":91,"column":120}},"35":{"start":{"line":101,"column":8},"end":{"line":108,"column":null}},"36":{"start":{"line":102,"column":29},"end":{"line":102,"column":49}},"37":{"start":{"line":103,"column":12},"end":{"line":103,"column":125}},"38":{"start":{"line":107,"column":12},"end":{"line":107,"column":127}},"39":{"start":{"line":117,"column":8},"end":{"line":135,"column":null}},"40":{"start":{"line":118,"column":23},"end":{"line":118,"column":36}},"41":{"start":{"line":120,"column":28},"end":{"line":120,"column":53}},"42":{"start":{"line":121,"column":12},"end":{"line":123,"column":null}},"43":{"start":{"line":122,"column":16},"end":{"line":122,"column":123}},"44":{"start":{"line":125,"column":12},"end":{"line":127,"column":null}},"45":{"start":{"line":126,"column":16},"end":{"line":126,"column":null}},"46":{"start":{"line":128,"column":12},"end":{"line":128,"column":null}},"47":{"start":{"line":130,"column":12},"end":{"line":130,"column":33}},"48":{"start":{"line":131,"column":12},"end":{"line":131,"column":144}},"49":{"start":{"line":134,"column":12},"end":{"line":134,"column":105}},"50":{"start":{"line":144,"column":8},"end":{"line":157,"column":null}},"51":{"start":{"line":145,"column":23},"end":{"line":145,"column":36}},"52":{"start":{"line":146,"column":28},"end":{"line":146,"column":53}},"53":{"start":{"line":148,"column":12},"end":{"line":150,"column":null}},"54":{"start":{"line":149,"column":16},"end":{"line":149,"column":123}},"55":{"start":{"line":151,"column":12},"end":{"line":151,"column":38}},"56":{"start":{"line":152,"column":12},"end":{"line":152,"column":144}},"57":{"start":{"line":156,"column":12},"end":{"line":156,"column":130}},"58":{"start":{"line":166,"column":8},"end":{"line":175,"column":null}},"59":{"start":{"line":167,"column":28},"end":{"line":167,"column":68}},"60":{"start":{"line":168,"column":12},"end":{"line":170,"column":null}},"61":{"start":{"line":169,"column":16},"end":{"line":169,"column":124}},"62":{"start":{"line":171,"column":12},"end":{"line":171,"column":124}},"63":{"start":{"line":174,"column":12},"end":{"line":174,"column":134}},"64":{"start":{"line":184,"column":8},"end":{"line":190,"column":null}},"65":{"start":{"line":185,"column":25},"end":{"line":185,"column":47}},"66":{"start":{"line":186,"column":12},"end":{"line":186,"column":121}},"67":{"start":{"line":189,"column":12},"end":{"line":189,"column":142}},"68":{"start":{"line":199,"column":8},"end":{"line":205,"column":null}},"69":{"start":{"line":200,"column":25},"end":{"line":200,"column":82}},"70":{"start":{"line":201,"column":12},"end":{"line":201,"column":121}},"71":{"start":{"line":204,"column":12},"end":{"line":204,"column":142}},"72":{"start":{"line":214,"column":8},"end":{"line":220,"column":null}},"73":{"start":{"line":215,"column":25},"end":{"line":215,"column":68}},"74":{"start":{"line":216,"column":12},"end":{"line":216,"column":121}},"75":{"start":{"line":219,"column":12},"end":{"line":219,"column":142}},"76":{"start":{"line":229,"column":8},"end":{"line":235,"column":null}},"77":{"start":{"line":230,"column":25},"end":{"line":230,"column":47}},"78":{"start":{"line":231,"column":12},"end":{"line":231,"column":121}},"79":{"start":{"line":234,"column":12},"end":{"line":234,"column":142}},"80":{"start":{"line":238,"column":0},"end":{"line":238,"column":33}}},"fnMap":{"0":{"name":"(anonymous_0)","decl":{"start":{"line":24,"column":4},"end":{"line":24,"column":9}},"loc":{"start":{"line":24,"column":32},"end":{"line":34,"column":5}}},"1":{"name":"(anonymous_1)","decl":{"start":{"line":41,"column":4},"end":{"line":41,"column":9}},"loc":{"start":{"line":41,"column":31},"end":{"line":72,"column":5}}},"2":{"name":"(anonymous_2)","decl":{"start":{"line":79,"column":4},"end":{"line":79,"column":9}},"loc":{"start":{"line":79,"column":32},"end":{"line":93,"column":5}}},"3":{"name":"(anonymous_3)","decl":{"start":{"line":100,"column":4},"end":{"line":100,"column":9}},"loc":{"start":{"line":100,"column":30},"end":{"line":109,"column":5}}},"4":{"name":"(anonymous_4)","decl":{"start":{"line":116,"column":4},"end":{"line":116,"column":9}},"loc":{"start":{"line":116,"column":32},"end":{"line":136,"column":5}}},"5":{"name":"(anonymous_5)","decl":{"start":{"line":143,"column":4},"end":{"line":143,"column":9}},"loc":{"start":{"line":143,"column":32},"end":{"line":158,"column":5}}},"6":{"name":"(anonymous_6)","decl":{"start":{"line":165,"column":4},"end":{"line":165,"column":9}},"loc":{"start":{"line":165,"column":29},"end":{"line":176,"column":5}}},"7":{"name":"(anonymous_7)","decl":{"start":{"line":183,"column":4},"end":{"line":183,"column":9}},"loc":{"start":{"line":183,"column":45},"end":{"line":191,"column":5}}},"8":{"name":"(anonymous_8)","decl":{"start":{"line":198,"column":4},"end":{"line":198,"column":9}},"loc":{"start":{"line":198,"column":60},"end":{"line":206,"column":5}}},"9":{"name":"(anonymous_9)","decl":{"start":{"line":213,"column":4},"end":{"line":213,"column":9}},"loc":{"start":{"line":213,"column":46},"end":{"line":221,"column":5}}},"10":{"name":"(anonymous_10)","decl":{"start":{"line":228,"column":4},"end":{"line":228,"column":9}},"loc":{"start":{"line":228,"column":33},"end":{"line":236,"column":5}}}},"branchMap":{"0":{"loc":{"start":{"line":44,"column":12},"end":{"line":46,"column":null}},"type":"if","locations":[{"start":{"line":44,"column":12},"end":{"line":46,"column":null}}]},"1":{"loc":{"start":{"line":44,"column":16},"end":{"line":44,"column":37}},"type":"binary-expr","locations":[{"start":{"line":44,"column":16},"end":{"line":44,"column":24}},{"start":{"line":44,"column":28},"end":{"line":44,"column":37}}]},"2":{"loc":{"start":{"line":48,"column":12},"end":{"line":67,"column":null}},"type":"if","locations":[{"start":{"line":48,"column":12},"end":{"line":67,"column":null}},{"start":{"line":65,"column":17},"end":{"line":67,"column":null}}]},"3":{"loc":{"start":{"line":51,"column":16},"end":{"line":63,"column":null}},"type":"if","locations":[{"start":{"line":51,"column":16},"end":{"line":63,"column":null}},{"start":{"line":61,"column":21},"end":{"line":63,"column":null}}]},"4":{"loc":{"start":{"line":83,"column":12},"end":{"line":85,"column":null}},"type":"if","locations":[{"start":{"line":83,"column":12},"end":{"line":85,"column":null}}]},"5":{"loc":{"start":{"line":121,"column":12},"end":{"line":123,"column":null}},"type":"if","locations":[{"start":{"line":121,"column":12},"end":{"line":123,"column":null}}]},"6":{"loc":{"start":{"line":148,"column":12},"end":{"line":150,"column":null}},"type":"if","locations":[{"start":{"line":148,"column":12},"end":{"line":150,"column":null}}]},"7":{"loc":{"start":{"line":168,"column":12},"end":{"line":170,"column":null}},"type":"if","locations":[{"start":{"line":168,"column":12},"end":{"line":170,"column":null}}]}},"s":{"0":1,"1":1,"2":1,"3":1,"4":1,"5":0,"6":0,"7":0,"8":0,"9":0,"10":0,"11":0,"12":0,"13":0,"14":0,"15":0,"16":0,"17":0,"18":0,"19":0,"20":0,"21":0,"22":0,"23":0,"24":0,"25":0,"26":0,"27":0,"28":0,"29":0,"30":0,"31":0,"32":0,"33":0,"34":0,"35":0,"36":0,"37":0,"38":0,"39":0,"40":0,"41":0,"42":0,"43":0,"44":0,"45":0,"46":0,"47":0,"48":0,"49":0,"50":0,"51":0,"52":0,"53":0,"54":0,"55":0,"56":0,"57":0,"58":0,"59":0,"60":0,"61":0,"62":0,"63":0,"64":0,"65":0,"66":0,"67":0,"68":0,"69":0,"70":0,"71":0,"72":0,"73":0,"74":0,"75":0,"76":0,"77":0,"78":0,"79":0,"80":1},"f":{"0":0,"1":0,"2":0,"3":0,"4":0,"5":0,"6":0,"7":0,"8":0,"9":0,"10":0},"b":{"0":[0],"1":[0,0],"2":[0,0],"3":[0,0],"4":[0],"5":[0],"6":[0],"7":[0]}}
,"/home/dell/Desktop/Training/Node.JS/College-ERP/src/Components/Student/student.model.ts": {"path":"/home/dell/Desktop/Training/Node.JS/College-ERP/src/Components/Student/student.model.ts","statementMap":{"0":{"start":{"line":1,"column":0},"end":{"line":1,"column":32}},"1":{"start":{"line":2,"column":0},"end":{"line":2,"column":33}},"2":{"start":{"line":4,"column":26},"end":{"line":4,"column":34}},"3":{"start":{"line":6,"column":25},"end":{"line":9,"column":2}},"4":{"start":{"line":11,"column":19},"end":{"line":14,"column":2}},"5":{"start":{"line":17,"column":22},"end":{"line":63,"column":2}},"6":{"start":{"line":66,"column":0},"end":{"line":76,"column":3}},"7":{"start":{"line":67,"column":4},"end":{"line":75,"column":null}},"8":{"start":{"line":68,"column":8},"end":{"line":70,"column":null}},"9":{"start":{"line":69,"column":12},"end":{"line":69,"column":64}},"10":{"start":{"line":71,"column":8},"end":{"line":71,"column":15}},"11":{"start":{"line":81,"column":16},"end":{"line":81,"column":47}},"12":{"start":{"line":82,"column":0},"end":{"line":82,"column":23}}},"fnMap":{"0":{"name":"(anonymous_0)","decl":{"start":{"line":66,"column":26},"end":{"line":66,"column":31}},"loc":{"start":{"line":66,"column":46},"end":{"line":76,"column":1}}}},"branchMap":{"0":{"loc":{"start":{"line":68,"column":8},"end":{"line":70,"column":null}},"type":"if","locations":[{"start":{"line":68,"column":8},"end":{"line":70,"column":null}}]}},"s":{"0":1,"1":1,"2":1,"3":1,"4":1,"5":1,"6":1,"7":0,"8":0,"9":0,"10":0,"11":1,"12":1},"f":{"0":0},"b":{"0":[0]}}
,"/home/dell/Desktop/Training/Node.JS/College-ERP/src/Components/Student/student.routes.ts": {"path":"/home/dell/Desktop/Training/Node.JS/College-ERP/src/Components/Student/student.routes.ts","statementMap":{"0":{"start":{"line":1,"column":0},"end":{"line":1,"column":33}},"1":{"start":{"line":3,"column":0},"end":{"line":3,"column":53}},"2":{"start":{"line":4,"column":0},"end":{"line":4,"column":56}},"3":{"start":{"line":5,"column":0},"end":{"line":5,"column":54}},"4":{"start":{"line":10,"column":4},"end":{"line":10,"column":48}},"5":{"start":{"line":13,"column":8},"end":{"line":13,"column":31}},"6":{"start":{"line":14,"column":8},"end":{"line":14,"column":32}},"7":{"start":{"line":19,"column":8},"end":{"line":19,"column":102}},"8":{"start":{"line":22,"column":8},"end":{"line":22,"column":72}},"9":{"start":{"line":25,"column":8},"end":{"line":25,"column":105}},"10":{"start":{"line":28,"column":8},"end":{"line":28,"column":96}},"11":{"start":{"line":31,"column":8},"end":{"line":31,"column":111}},"12":{"start":{"line":34,"column":8},"end":{"line":34,"column":112}},"13":{"start":{"line":37,"column":8},"end":{"line":37,"column":97}},"14":{"start":{"line":42,"column":8},"end":{"line":42,"column":110}},"15":{"start":{"line":45,"column":8},"end":{"line":45,"column":113}},"16":{"start":{"line":48,"column":8},"end":{"line":48,"column":119}},"17":{"start":{"line":51,"column":8},"end":{"line":51,"column":82}},"18":{"start":{"line":56,"column":0},"end":{"line":56,"column":null}}},"fnMap":{"0":{"name":"(anonymous_0)","decl":{"start":{"line":12,"column":4},"end":{"line":12,"column":null}},"loc":{"start":{"line":12,"column":4},"end":{"line":15,"column":5}}},"1":{"name":"(anonymous_1)","decl":{"start":{"line":17,"column":4},"end":{"line":17,"column":20}},"loc":{"start":{"line":17,"column":20},"end":{"line":52,"column":5}}}},"branchMap":{},"s":{"0":1,"1":1,"2":1,"3":1,"4":1,"5":1,"6":1,"7":1,"8":1,"9":1,"10":1,"11":1,"12":1,"13":1,"14":1,"15":1,"16":1,"17":1,"18":1},"f":{"0":1,"1":1},"b":{}}
,"/home/dell/Desktop/Training/Node.JS/College-ERP/src/utils/authentication.ts": {"path":"/home/dell/Desktop/Training/Node.JS/College-ERP/src/utils/authentication.ts","statementMap":{"0":{"start":{"line":1,"column":0},"end":{"line":1,"column":33}},"1":{"start":{"line":3,"column":0},"end":{"line":3,"column":68}},"2":{"start":{"line":4,"column":0},"end":{"line":4,"column":68}},"3":{"start":{"line":5,"column":0},"end":{"line":5,"column":36}},"4":{"start":{"line":8,"column":0},"end":{"line":45,"column":null}},"5":{"start":{"line":9,"column":4},"end":{"line":44,"column":null}},"6":{"start":{"line":11,"column":8},"end":{"line":11,"column":24}},"7":{"start":{"line":12,"column":22},"end":{"line":12,"column":72}},"8":{"start":{"line":15,"column":27},"end":{"line":15,"column":50}},"9":{"start":{"line":20,"column":23},"end":{"line":20,"column":52}},"10":{"start":{"line":22,"column":8},"end":{"line":22,"column":null}},"11":{"start":{"line":24,"column":26},"end":{"line":24,"column":116}},"12":{"start":{"line":27,"column":8},"end":{"line":29,"column":null}},"13":{"start":{"line":28,"column":12},"end":{"line":28,"column":116}},"14":{"start":{"line":32,"column":8},"end":{"line":39,"column":null}},"15":{"start":{"line":33,"column":12},"end":{"line":33,"column":null}},"16":{"start":{"line":35,"column":12},"end":{"line":35,"column":19}},"17":{"start":{"line":38,"column":12},"end":{"line":38,"column":119}},"18":{"start":{"line":42,"column":8},"end":{"line":42,"column":27}},"19":{"start":{"line":43,"column":8},"end":{"line":43,"column":106}}},"fnMap":{"0":{"name":"(anonymous_0)","decl":{"start":{"line":8,"column":15},"end":{"line":8,"column":20}},"loc":{"start":{"line":8,"column":40},"end":{"line":45,"column":1}}}},"branchMap":{"0":{"loc":{"start":{"line":24,"column":26},"end":{"line":24,"column":116}},"type":"cond-expr","locations":[{"start":{"line":24,"column":63},"end":{"line":24,"column":88}},{"start":{"line":24,"column":91},"end":{"line":24,"column":116}}]},"1":{"loc":{"start":{"line":27,"column":8},"end":{"line":29,"column":null}},"type":"if","locations":[{"start":{"line":27,"column":8},"end":{"line":29,"column":null}}]},"2":{"loc":{"start":{"line":32,"column":8},"end":{"line":39,"column":null}},"type":"if","locations":[{"start":{"line":32,"column":8},"end":{"line":39,"column":null}},{"start":{"line":37,"column":13},"end":{"line":39,"column":null}}]}},"s":{"0":1,"1":1,"2":1,"3":1,"4":1,"5":1,"6":1,"7":1,"8":1,"9":1,"10":1,"11":1,"12":1,"13":0,"14":1,"15":1,"16":1,"17":0,"18":0,"19":0},"f":{"0":1},"b":{"0":[0,1],"1":[0],"2":[1,0]}}
,"/home/dell/Desktop/Training/Node.JS/College-ERP/src/utils/authorization.ts": {"path":"/home/dell/Desktop/Training/Node.JS/College-ERP/src/utils/authorization.ts","statementMap":{"0":{"start":{"line":1,"column":0},"end":{"line":90,"column":null}},"1":{"start":{"line":3,"column":22},"end":{"line":3,"column":35}},"2":{"start":{"line":5,"column":4},"end":{"line":7,"column":null}},"3":{"start":{"line":6,"column":8},"end":{"line":6,"column":null}},"4":{"start":{"line":10,"column":4},"end":{"line":89,"column":null}},"5":{"start":{"line":12,"column":8},"end":{"line":17,"column":null}},"6":{"start":{"line":13,"column":12},"end":{"line":13,"column":19}},"7":{"start":{"line":16,"column":12},"end":{"line":16,"column":null}},"8":{"start":{"line":21,"column":9},"end":{"line":89,"column":null}},"9":{"start":{"line":24,"column":8},"end":{"line":41,"column":null}},"10":{"start":{"line":26,"column":12},"end":{"line":26,"column":42}},"11":{"start":{"line":27,"column":12},"end":{"line":27,"column":19}},"12":{"start":{"line":31,"column":13},"end":{"line":41,"column":null}},"13":{"start":{"line":32,"column":12},"end":{"line":34,"column":null}},"14":{"start":{"line":33,"column":16},"end":{"line":33,"column":50}},"15":{"start":{"line":35,"column":12},"end":{"line":40,"column":null}},"16":{"start":{"line":36,"column":16},"end":{"line":36,"column":23}},"17":{"start":{"line":39,"column":16},"end":{"line":39,"column":null}},"18":{"start":{"line":46,"column":9},"end":{"line":89,"column":null}},"19":{"start":{"line":49,"column":8},"end":{"line":64,"column":null}},"20":{"start":{"line":50,"column":12},"end":{"line":50,"column":19}},"21":{"start":{"line":54,"column":13},"end":{"line":64,"column":null}},"22":{"start":{"line":55,"column":12},"end":{"line":57,"column":null}},"23":{"start":{"line":56,"column":16},"end":{"line":56,"column":50}},"24":{"start":{"line":58,"column":12},"end":{"line":63,"column":null}},"25":{"start":{"line":59,"column":16},"end":{"line":59,"column":23}},"26":{"start":{"line":62,"column":16},"end":{"line":62,"column":null}},"27":{"start":{"line":70,"column":9},"end":{"line":89,"column":null}},"28":{"start":{"line":72,"column":8},"end":{"line":77,"column":null}},"29":{"start":{"line":73,"column":12},"end":{"line":73,"column":19}},"30":{"start":{"line":76,"column":12},"end":{"line":76,"column":null}},"31":{"start":{"line":81,"column":9},"end":{"line":89,"column":null}},"32":{"start":{"line":83,"column":8},"end":{"line":88,"column":null}},"33":{"start":{"line":84,"column":12},"end":{"line":84,"column":19}},"34":{"start":{"line":87,"column":12},"end":{"line":87,"column":null}}},"fnMap":{"0":{"name":"(anonymous_0)","decl":{"start":{"line":1,"column":15},"end":{"line":1,"column":20}},"loc":{"start":{"line":1,"column":40},"end":{"line":90,"column":1}}}},"branchMap":{"0":{"loc":{"start":{"line":5,"column":4},"end":{"line":7,"column":null}},"type":"if","locations":[{"start":{"line":5,"column":4},"end":{"line":7,"column":null}}]},"1":{"loc":{"start":{"line":10,"column":4},"end":{"line":89,"column":null}},"type":"if","locations":[{"start":{"line":10,"column":4},"end":{"line":89,"column":null}},{"start":{"line":21,"column":9},"end":{"line":89,"column":null}}]},"2":{"loc":{"start":{"line":12,"column":8},"end":{"line":17,"column":null}},"type":"if","locations":[{"start":{"line":12,"column":8},"end":{"line":17,"column":null}},{"start":{"line":15,"column":13},"end":{"line":17,"column":null}}]},"3":{"loc":{"start":{"line":12,"column":12},"end":{"line":12,"column":102}},"type":"binary-expr","locations":[{"start":{"line":12,"column":12},"end":{"line":12,"column":38}},{"start":{"line":12,"column":42},"end":{"line":12,"column":70}},{"start":{"line":12,"column":74},"end":{"line":12,"column":102}}]},"4":{"loc":{"start":{"line":21,"column":9},"end":{"line":89,"column":null}},"type":"if","locations":[{"start":{"line":21,"column":9},"end":{"line":89,"column":null}},{"start":{"line":46,"column":9},"end":{"line":89,"column":null}}]},"5":{"loc":{"start":{"line":24,"column":8},"end":{"line":41,"column":null}},"type":"if","locations":[{"start":{"line":24,"column":8},"end":{"line":41,"column":null}},{"start":{"line":31,"column":13},"end":{"line":41,"column":null}}]},"6":{"loc":{"start":{"line":31,"column":13},"end":{"line":41,"column":null}},"type":"if","locations":[{"start":{"line":31,"column":13},"end":{"line":41,"column":null}}]},"7":{"loc":{"start":{"line":32,"column":12},"end":{"line":34,"column":null}},"type":"if","locations":[{"start":{"line":32,"column":12},"end":{"line":34,"column":null}}]},"8":{"loc":{"start":{"line":35,"column":12},"end":{"line":40,"column":null}},"type":"if","locations":[{"start":{"line":35,"column":12},"end":{"line":40,"column":null}},{"start":{"line":38,"column":17},"end":{"line":40,"column":null}}]},"9":{"loc":{"start":{"line":35,"column":16},"end":{"line":35,"column":157}},"type":"binary-expr","locations":[{"start":{"line":35,"column":17},"end":{"line":35,"column":39}},{"start":{"line":35,"column":43},"end":{"line":35,"column":77}},{"start":{"line":35,"column":82},"end":{"line":35,"column":107}},{"start":{"line":35,"column":114},"end":{"line":35,"column":134}},{"start":{"line":35,"column":138},"end":{"line":35,"column":156}}]},"10":{"loc":{"start":{"line":46,"column":9},"end":{"line":89,"column":null}},"type":"if","locations":[{"start":{"line":46,"column":9},"end":{"line":89,"column":null}},{"start":{"line":70,"column":9},"end":{"line":89,"column":null}}]},"11":{"loc":{"start":{"line":49,"column":8},"end":{"line":64,"column":null}},"type":"if","locations":[{"start":{"line":49,"column":8},"end":{"line":64,"column":null}},{"start":{"line":54,"column":13},"end":{"line":64,"column":null}}]},"12":{"loc":{"start":{"line":49,"column":12},"end":{"line":49,"column":78}},"type":"binary-expr","locations":[{"start":{"line":49,"column":12},"end":{"line":49,"column":42}},{"start":{"line":49,"column":46},"end":{"line":49,"column":78}}]},"13":{"loc":{"start":{"line":54,"column":13},"end":{"line":64,"column":null}},"type":"if","locations":[{"start":{"line":54,"column":13},"end":{"line":64,"column":null}}]},"14":{"loc":{"start":{"line":55,"column":12},"end":{"line":57,"column":null}},"type":"if","locations":[{"start":{"line":55,"column":12},"end":{"line":57,"column":null}}]},"15":{"loc":{"start":{"line":58,"column":12},"end":{"line":63,"column":null}},"type":"if","locations":[{"start":{"line":58,"column":12},"end":{"line":63,"column":null}},{"start":{"line":61,"column":17},"end":{"line":63,"column":null}}]},"16":{"loc":{"start":{"line":58,"column":16},"end":{"line":58,"column":188}},"type":"binary-expr","locations":[{"start":{"line":58,"column":17},"end":{"line":58,"column":39}},{"start":{"line":58,"column":43},"end":{"line":58,"column":77}},{"start":{"line":58,"column":82},"end":{"line":58,"column":107}},{"start":{"line":58,"column":111},"end":{"line":58,"column":138}},{"start":{"line":58,"column":145},"end":{"line":58,"column":165}},{"start":{"line":58,"column":169},"end":{"line":58,"column":187}}]},"17":{"loc":{"start":{"line":70,"column":9},"end":{"line":89,"column":null}},"type":"if","locations":[{"start":{"line":70,"column":9},"end":{"line":89,"column":null}},{"start":{"line":81,"column":9},"end":{"line":89,"column":null}}]},"18":{"loc":{"start":{"line":72,"column":8},"end":{"line":77,"column":null}},"type":"if","locations":[{"start":{"line":72,"column":8},"end":{"line":77,"column":null}},{"start":{"line":75,"column":13},"end":{"line":77,"column":null}}]},"19":{"loc":{"start":{"line":72,"column":12},"end":{"line":72,"column":78}},"type":"binary-expr","locations":[{"start":{"line":72,"column":12},"end":{"line":72,"column":42}},{"start":{"line":72,"column":46},"end":{"line":72,"column":78}}]},"20":{"loc":{"start":{"line":81,"column":9},"end":{"line":89,"column":null}},"type":"if","locations":[{"start":{"line":81,"column":9},"end":{"line":89,"column":null}}]},"21":{"loc":{"start":{"line":83,"column":8},"end":{"line":88,"column":null}},"type":"if","locations":[{"start":{"line":83,"column":8},"end":{"line":88,"column":null}},{"start":{"line":86,"column":13},"end":{"line":88,"column":null}}]},"22":{"loc":{"start":{"line":83,"column":12},"end":{"line":83,"column":78}},"type":"binary-expr","locations":[{"start":{"line":83,"column":12},"end":{"line":83,"column":42}},{"start":{"line":83,"column":46},"end":{"line":83,"column":78}}]}},"s":{"0":1,"1":1,"2":1,"3":0,"4":1,"5":1,"6":1,"7":0,"8":0,"9":0,"10":0,"11":0,"12":0,"13":0,"14":0,"15":0,"16":0,"17":0,"18":0,"19":0,"20":0,"21":0,"22":0,"23":0,"24":0,"25":0,"26":0,"27":0,"28":0,"29":0,"30":0,"31":0,"32":0,"33":0,"34":0},"f":{"0":1},"b":{"0":[0],"1":[1,0],"2":[1,0],"3":[1,1,1],"4":[0,0],"5":[0,0],"6":[0],"7":[0],"8":[0,0],"9":[0,0,0,0,0],"10":[0,0],"11":[0,0],"12":[0,0],"13":[0],"14":[0],"15":[0,0],"16":[0,0,0,0,0,0],"17":[0,0],"18":[0,0],"19":[0,0],"20":[0],"21":[0,0],"22":[0,0]}}
,"/home/dell/Desktop/Training/Node.JS/College-ERP/src/utils/winston-logger.ts": {"path":"/home/dell/Desktop/Training/Node.JS/College-ERP/src/utils/winston-logger.ts","statementMap":{"0":{"start":{"line":1,"column":0},"end":{"line":1,"column":59}},"1":{"start":{"line":2,"column":0},"end":{"line":2,"column":69}},"2":{"start":{"line":4,"column":29},"end":{"line":13,"column":2}},"3":{"start":{"line":15,"column":15},"end":{"line":24,"column":2}},"4":{"start":{"line":21,"column":3},"end":{"line":21,"column":48}},"5":{"start":{"line":27,"column":13},"end":{"line":27,"column":26}}},"fnMap":{"0":{"name":"(anonymous_0)","decl":{"start":{"line":20,"column":16},"end":{"line":20,"column":17}},"loc":{"start":{"line":20,"column":50},"end":{"line":22,"column":3}}}},"branchMap":{},"s":{"0":1,"1":1,"2":1,"3":1,"4":2,"5":1},"f":{"0":2},"b":{}}
,"/home/dell/Desktop/Training/Node.JS/College-ERP/tests/dbConfigToTest.ts": {"path":"/home/dell/Desktop/Training/Node.JS/College-ERP/tests/dbConfigToTest.ts","statementMap":{"0":{"start":{"line":1,"column":0},"end":{"line":1,"column":36}},"1":{"start":{"line":2,"column":0},"end":{"line":2,"column":37}},"2":{"start":{"line":3,"column":0},"end":{"line":3,"column":71}},"3":{"start":{"line":5,"column":0},"end":{"line":5,"column":62}},"4":{"start":{"line":6,"column":0},"end":{"line":6,"column":33}},"5":{"start":{"line":8,"column":0},"end":{"line":8,"column":16}},"6":{"start":{"line":10,"column":21},"end":{"line":10,"column":50}},"7":{"start":{"line":11,"column":18},"end":{"line":11,"column":47}},"8":{"start":{"line":13,"column":23},"end":{"line":17,"column":null}},"9":{"start":{"line":19,"column":19},"end":{"line":28,"column":null}},"10":{"start":{"line":30,"column":20},"end":{"line":33,"column":1}},"11":{"start":{"line":31,"column":4},"end":{"line":31,"column":47}},"12":{"start":{"line":32,"column":4},"end":{"line":32,"column":41}},"13":{"start":{"line":35,"column":0},"end":{"line":39,"column":null}}},"fnMap":{"0":{"name":"(anonymous_0)","decl":{"start":{"line":30,"column":20},"end":{"line":30,"column":25}},"loc":{"start":{"line":30,"column":30},"end":{"line":33,"column":1}}}},"branchMap":{},"s":{"0":1,"1":1,"2":1,"3":1,"4":1,"5":1,"6":1,"7":1,"8":1,"9":1,"10":1,"11":1,"12":1,"13":1},"f":{"0":1},"b":{}}
}
