{"/home/dell/Desktop/Training/Node.JS/College-ERP/src/app.ts": {"path":"/home/dell/Desktop/Training/Node.JS/College-ERP/src/app.ts","statementMap":{"0":{"start":{"line":1,"column":0},"end":{"line":1,"column":43}},"1":{"start":{"line":2,"column":0},"end":{"line":2,"column":35}},"2":{"start":{"line":4,"column":0},"end":{"line":4,"column":42}},"3":{"start":{"line":5,"column":0},"end":{"line":5,"column":33}},"4":{"start":{"line":7,"column":0},"end":{"line":7,"column":30}},"5":{"start":{"line":8,"column":0},"end":{"line":8,"column":53}},"6":{"start":{"line":9,"column":0},"end":{"line":9,"column":45}},"7":{"start":{"line":12,"column":0},"end":{"line":12,"column":16}},"8":{"start":{"line":14,"column":25},"end":{"line":14,"column":43}},"9":{"start":{"line":15,"column":30},"end":{"line":15,"column":48}},"10":{"start":{"line":21,"column":4},"end":{"line":21,"column":25}},"11":{"start":{"line":22,"column":4},"end":{"line":24,"column":7}},"12":{"start":{"line":23,"column":6},"end":{"line":23,"column":35}},"13":{"start":{"line":25,"column":4},"end":{"line":25,"column":18}},"14":{"start":{"line":26,"column":4},"end":{"line":26,"column":22}},"15":{"start":{"line":29,"column":4},"end":{"line":29,"column":68}},"16":{"start":{"line":30,"column":4},"end":{"line":30,"column":46}},"17":{"start":{"line":33,"column":22},"end":{"line":36,"column":6}},"18":{"start":{"line":37,"column":4},"end":{"line":37,"column":42}},"19":{"start":{"line":39,"column":4},"end":{"line":41,"column":7}},"20":{"start":{"line":40,"column":6},"end":{"line":40,"column":28}},"21":{"start":{"line":43,"column":4},"end":{"line":45,"column":7}},"22":{"start":{"line":44,"column":6},"end":{"line":44,"column":42}},"23":{"start":{"line":47,"column":4},"end":{"line":49,"column":7}},"24":{"start":{"line":48,"column":6},"end":{"line":48,"column":56}},"25":{"start":{"line":52,"column":0},"end":{"line":52,"column":39}}},"fnMap":{"0":{"name":"(anonymous_0)","decl":{"start":{"line":20,"column":2},"end":{"line":20,"column":null}},"loc":{"start":{"line":20,"column":2},"end":{"line":27,"column":3}}},"1":{"name":"(anonymous_1)","decl":{"start":{"line":22,"column":47},"end":{"line":22,"column":50}},"loc":{"start":{"line":22,"column":52},"end":{"line":24,"column":5}}},"2":{"name":"(anonymous_2)","decl":{"start":{"line":28,"column":10},"end":{"line":28,"column":16}},"loc":{"start":{"line":28,"column":16},"end":{"line":31,"column":3}}},"3":{"name":"(anonymous_3)","decl":{"start":{"line":32,"column":10},"end":{"line":32,"column":20}},"loc":{"start":{"line":32,"column":20},"end":{"line":50,"column":3}}},"4":{"name":"(anonymous_4)","decl":{"start":{"line":39,"column":40},"end":{"line":39,"column":43}},"loc":{"start":{"line":39,"column":45},"end":{"line":41,"column":5}}},"5":{"name":"(anonymous_5)","decl":{"start":{"line":43,"column":36},"end":{"line":43,"column":37}},"loc":{"start":{"line":43,"column":44},"end":{"line":45,"column":5}}},"6":{"name":"(anonymous_6)","decl":{"start":{"line":47,"column":43},"end":{"line":47,"column":46}},"loc":{"start":{"line":47,"column":48},"end":{"line":49,"column":5}}}},"branchMap":{},"s":{"0":3,"1":3,"2":3,"3":3,"4":3,"5":3,"6":3,"7":3,"8":3,"9":3,"10":3,"11":3,"12":3,"13":3,"14":3,"15":3,"16":3,"17":3,"18":3,"19":3,"20":0,"21":3,"22":3,"23":3,"24":3,"25":3},"f":{"0":3,"1":3,"2":3,"3":3,"4":0,"5":3,"6":3},"b":{}}
,"/home/dell/Desktop/Training/Node.JS/College-ERP/src/application.routes.ts": {"path":"/home/dell/Desktop/Training/Node.JS/College-ERP/src/application.routes.ts","statementMap":{"0":{"start":{"line":2,"column":0},"end":{"line":2,"column":73}},"1":{"start":{"line":3,"column":0},"end":{"line":3,"column":64}},"2":{"start":{"line":4,"column":0},"end":{"line":4,"column":64}},"3":{"start":{"line":5,"column":0},"end":{"line":5,"column":73}},"4":{"start":{"line":6,"column":0},"end":{"line":6,"column":33}},"5":{"start":{"line":10,"column":4},"end":{"line":10,"column":29}},"6":{"start":{"line":11,"column":4},"end":{"line":11,"column":45}},"7":{"start":{"line":12,"column":4},"end":{"line":12,"column":39}},"8":{"start":{"line":13,"column":4},"end":{"line":13,"column":39}},"9":{"start":{"line":14,"column":4},"end":{"line":14,"column":45}},"10":{"start":{"line":8,"column":0},"end":{"line":8,"column":21}}},"fnMap":{"0":{"name":"(anonymous_0)","decl":{"start":{"line":9,"column":9},"end":{"line":9,"column":15}},"loc":{"start":{"line":9,"column":46},"end":{"line":15,"column":3}}}},"branchMap":{},"s":{"0":3,"1":3,"2":3,"3":3,"4":3,"5":3,"6":3,"7":3,"8":3,"9":3,"10":3},"f":{"0":3},"b":{}}
,"/home/dell/Desktop/Training/Node.JS/College-ERP/src/config.ts": {"path":"/home/dell/Desktop/Training/Node.JS/College-ERP/src/config.ts","statementMap":{"0":{"start":{"line":1,"column":0},"end":{"line":1,"column":33}},"1":{"start":{"line":3,"column":0},"end":{"line":3,"column":16}},"2":{"start":{"line":5,"column":15},"end":{"line":12,"column":2}},"3":{"start":{"line":13,"column":0},"end":{"line":13,"column":22}}},"fnMap":{},"branchMap":{},"s":{"0":3,"1":3,"2":3,"3":3},"f":{},"b":{}}
,"/home/dell/Desktop/Training/Node.JS/College-ERP/src/index.ts": {"path":"/home/dell/Desktop/Training/Node.JS/College-ERP/src/index.ts","statementMap":{"0":{"start":{"line":1,"column":0},"end":{"line":1,"column":33}},"1":{"start":{"line":7,"column":4},"end":{"line":7,"column":27}},"2":{"start":{"line":8,"column":4},"end":{"line":8,"column":28}},"3":{"start":{"line":12,"column":4},"end":{"line":14,"column":7}},"4":{"start":{"line":13,"column":6},"end":{"line":13,"column":49}},"5":{"start":{"line":18,"column":0},"end":{"line":18,"column":39}}},"fnMap":{"0":{"name":"(anonymous_0)","decl":{"start":{"line":6,"column":2},"end":{"line":6,"column":null}},"loc":{"start":{"line":6,"column":2},"end":{"line":9,"column":3}}},"1":{"name":"(anonymous_1)","decl":{"start":{"line":11,"column":2},"end":{"line":11,"column":18}},"loc":{"start":{"line":11,"column":18},"end":{"line":15,"column":3}}},"2":{"name":"(anonymous_2)","decl":{"start":{"line":12,"column":25},"end":{"line":12,"column":26}},"loc":{"start":{"line":12,"column":38},"end":{"line":14,"column":5}}}},"branchMap":{},"s":{"0":3,"1":3,"2":3,"3":3,"4":0,"5":3},"f":{"0":3,"1":3,"2":0},"b":{}}
,"/home/dell/Desktop/Training/Node.JS/College-ERP/src/Components/Attendance/attendance.DAL.ts": {"path":"/home/dell/Desktop/Training/Node.JS/College-ERP/src/Components/Attendance/attendance.DAL.ts","statementMap":{"0":{"start":{"line":1,"column":0},"end":{"line":1,"column":57}},"1":{"start":{"line":8,"column":2},"end":{"line":19,"column":null}},"2":{"start":{"line":9,"column":4},"end":{"line":15,"column":7}},"3":{"start":{"line":10,"column":6},"end":{"line":14,"column":null}},"4":{"start":{"line":11,"column":24},"end":{"line":11,"column":67}},"5":{"start":{"line":12,"column":8},"end":{"line":12,"column":88}},"6":{"start":{"line":13,"column":8},"end":{"line":13,"column":29}},"7":{"start":{"line":16,"column":4},"end":{"line":16,"column":16}},"8":{"start":{"line":18,"column":4},"end":{"line":18,"column":27}},"9":{"start":{"line":7,"column":0},"end":{"line":7,"column":7}}},"fnMap":{"0":{"name":"fillAttendance","decl":{"start":{"line":7,"column":22},"end":{"line":7,"column":36}},"loc":{"start":{"line":7,"column":51},"end":{"line":20,"column":1}}},"1":{"name":"(anonymous_1)","decl":{"start":{"line":9,"column":23},"end":{"line":9,"column":28}},"loc":{"start":{"line":9,"column":44},"end":{"line":15,"column":5}}}},"branchMap":{"0":{"loc":{"start":{"line":10,"column":6},"end":{"line":14,"column":null}},"type":"if","locations":[{"start":{"line":10,"column":6},"end":{"line":14,"column":null}}]},"1":{"loc":{"start":{"line":10,"column":10},"end":{"line":10,"column":83}},"type":"binary-expr","locations":[{"start":{"line":10,"column":10},"end":{"line":10,"column":34}},{"start":{"line":10,"column":38},"end":{"line":10,"column":57}},{"start":{"line":10,"column":61},"end":{"line":10,"column":83}}]}},"s":{"0":3,"1":0,"2":0,"3":0,"4":0,"5":0,"6":0,"7":0,"8":0,"9":3},"f":{"0":0,"1":0},"b":{"0":[0],"1":[0,0,0]}}
,"/home/dell/Desktop/Training/Node.JS/College-ERP/src/Components/Attendance/attendance.controller.ts": {"path":"/home/dell/Desktop/Training/Node.JS/College-ERP/src/Components/Attendance/attendance.controller.ts","statementMap":{"0":{"start":{"line":1,"column":0},"end":{"line":1,"column":50}},"1":{"start":{"line":10,"column":4},"end":{"line":15,"column":null}},"2":{"start":{"line":11,"column":23},"end":{"line":11,"column":47}},"3":{"start":{"line":12,"column":6},"end":{"line":12,"column":116}},"4":{"start":{"line":14,"column":6},"end":{"line":14,"column":91}},"5":{"start":{"line":18,"column":0},"end":{"line":18,"column":33}}},"fnMap":{"0":{"name":"(anonymous_0)","decl":{"start":{"line":9,"column":2},"end":{"line":9,"column":7}},"loc":{"start":{"line":9,"column":31},"end":{"line":16,"column":3}}}},"branchMap":{},"s":{"0":3,"1":0,"2":0,"3":0,"4":0,"5":3},"f":{"0":0},"b":{}}
,"/home/dell/Desktop/Training/Node.JS/College-ERP/src/Components/Attendance/attendance.routes.ts": {"path":"/home/dell/Desktop/Training/Node.JS/College-ERP/src/Components/Attendance/attendance.routes.ts","statementMap":{"0":{"start":{"line":1,"column":0},"end":{"line":1,"column":33}},"1":{"start":{"line":3,"column":0},"end":{"line":3,"column":59}},"2":{"start":{"line":4,"column":0},"end":{"line":4,"column":56}},"3":{"start":{"line":5,"column":0},"end":{"line":5,"column":54}},"4":{"start":{"line":10,"column":2},"end":{"line":10,"column":52}},"5":{"start":{"line":13,"column":4},"end":{"line":13,"column":27}},"6":{"start":{"line":14,"column":4},"end":{"line":14,"column":28}},"7":{"start":{"line":19,"column":4},"end":{"line":19,"column":102}},"8":{"start":{"line":23,"column":0},"end":{"line":23,"column":45}}},"fnMap":{"0":{"name":"(anonymous_0)","decl":{"start":{"line":12,"column":2},"end":{"line":12,"column":null}},"loc":{"start":{"line":12,"column":2},"end":{"line":15,"column":3}}},"1":{"name":"(anonymous_1)","decl":{"start":{"line":17,"column":2},"end":{"line":17,"column":18}},"loc":{"start":{"line":17,"column":18},"end":{"line":20,"column":3}}}},"branchMap":{},"s":{"0":3,"1":3,"2":3,"3":3,"4":3,"5":3,"6":3,"7":3,"8":3},"f":{"0":3,"1":3},"b":{}}
,"/home/dell/Desktop/Training/Node.JS/College-ERP/src/Components/Department/department.DAL.ts": {"path":"/home/dell/Desktop/Training/Node.JS/College-ERP/src/Components/Department/department.DAL.ts","statementMap":{"0":{"start":{"line":3,"column":0},"end":{"line":3,"column":44}},"1":{"start":{"line":11,"column":2},"end":{"line":15,"column":null}},"2":{"start":{"line":12,"column":4},"end":{"line":12,"column":51}},"3":{"start":{"line":14,"column":4},"end":{"line":14,"column":27}},"4":{"start":{"line":10,"column":0},"end":{"line":10,"column":7}},"5":{"start":{"line":23,"column":2},"end":{"line":27,"column":null}},"6":{"start":{"line":24,"column":4},"end":{"line":24,"column":53}},"7":{"start":{"line":26,"column":4},"end":{"line":26,"column":27}},"8":{"start":{"line":22,"column":0},"end":{"line":22,"column":7}},"9":{"start":{"line":36,"column":2},"end":{"line":40,"column":null}},"10":{"start":{"line":37,"column":4},"end":{"line":37,"column":41}},"11":{"start":{"line":39,"column":4},"end":{"line":39,"column":27}},"12":{"start":{"line":35,"column":0},"end":{"line":35,"column":7}}},"fnMap":{"0":{"name":"createDepartment","decl":{"start":{"line":10,"column":22},"end":{"line":10,"column":38}},"loc":{"start":{"line":10,"column":53},"end":{"line":16,"column":1}}},"1":{"name":"findDepartments","decl":{"start":{"line":22,"column":22},"end":{"line":22,"column":37}},"loc":{"start":{"line":22,"column":37},"end":{"line":28,"column":1}}},"2":{"name":"findDepartmentById","decl":{"start":{"line":35,"column":22},"end":{"line":35,"column":40}},"loc":{"start":{"line":35,"column":53},"end":{"line":41,"column":1}}}},"branchMap":{},"s":{"0":3,"1":0,"2":0,"3":0,"4":3,"5":0,"6":0,"7":0,"8":3,"9":0,"10":0,"11":0,"12":3},"f":{"0":0,"1":0,"2":0},"b":{}}
,"/home/dell/Desktop/Training/Node.JS/College-ERP/src/Components/Department/department.controller.ts": {"path":"/home/dell/Desktop/Training/Node.JS/College-ERP/src/Components/Department/department.controller.ts","statementMap":{"0":{"start":{"line":3,"column":0},"end":{"line":3,"column":89}},"1":{"start":{"line":4,"column":0},"end":{"line":4,"column":44}},"2":{"start":{"line":13,"column":4},"end":{"line":24,"column":null}},"3":{"start":{"line":14,"column":28},"end":{"line":14,"column":36}},"4":{"start":{"line":15,"column":25},"end":{"line":15,"column":62}},"5":{"start":{"line":16,"column":6},"end":{"line":19,"column":9}},"6":{"start":{"line":21,"column":6},"end":{"line":23,"column":110}},"7":{"start":{"line":33,"column":4},"end":{"line":38,"column":null}},"8":{"start":{"line":34,"column":26},"end":{"line":34,"column":49}},"9":{"start":{"line":35,"column":6},"end":{"line":35,"column":112}},"10":{"start":{"line":37,"column":6},"end":{"line":37,"column":119}},"11":{"start":{"line":47,"column":4},"end":{"line":63,"column":null}},"12":{"start":{"line":48,"column":17},"end":{"line":48,"column":30}},"13":{"start":{"line":49,"column":25},"end":{"line":49,"column":69}},"14":{"start":{"line":50,"column":6},"end":{"line":52,"column":null}},"15":{"start":{"line":51,"column":8},"end":{"line":51,"column":110}},"16":{"start":{"line":53,"column":6},"end":{"line":55,"column":null}},"17":{"start":{"line":54,"column":8},"end":{"line":54,"column":44}},"18":{"start":{"line":56,"column":6},"end":{"line":56,"column":30}},"19":{"start":{"line":57,"column":6},"end":{"line":60,"column":9}},"20":{"start":{"line":62,"column":6},"end":{"line":62,"column":45}},"21":{"start":{"line":72,"column":4},"end":{"line":85,"column":null}},"22":{"start":{"line":73,"column":17},"end":{"line":73,"column":30}},"23":{"start":{"line":74,"column":25},"end":{"line":74,"column":69}},"24":{"start":{"line":75,"column":6},"end":{"line":77,"column":null}},"25":{"start":{"line":76,"column":8},"end":{"line":76,"column":110}},"26":{"start":{"line":78,"column":6},"end":{"line":78,"column":35}},"27":{"start":{"line":79,"column":6},"end":{"line":82,"column":9}},"28":{"start":{"line":84,"column":6},"end":{"line":84,"column":114}},"29":{"start":{"line":88,"column":0},"end":{"line":88,"column":36}}},"fnMap":{"0":{"name":"(anonymous_0)","decl":{"start":{"line":12,"column":2},"end":{"line":12,"column":7}},"loc":{"start":{"line":12,"column":33},"end":{"line":25,"column":3}}},"1":{"name":"(anonymous_1)","decl":{"start":{"line":32,"column":2},"end":{"line":32,"column":7}},"loc":{"start":{"line":32,"column":31},"end":{"line":39,"column":3}}},"2":{"name":"(anonymous_2)","decl":{"start":{"line":46,"column":2},"end":{"line":46,"column":7}},"loc":{"start":{"line":46,"column":33},"end":{"line":64,"column":3}}},"3":{"name":"(anonymous_3)","decl":{"start":{"line":71,"column":2},"end":{"line":71,"column":7}},"loc":{"start":{"line":71,"column":33},"end":{"line":86,"column":3}}}},"branchMap":{"0":{"loc":{"start":{"line":50,"column":6},"end":{"line":52,"column":null}},"type":"if","locations":[{"start":{"line":50,"column":6},"end":{"line":52,"column":null}}]},"1":{"loc":{"start":{"line":75,"column":6},"end":{"line":77,"column":null}},"type":"if","locations":[{"start":{"line":75,"column":6},"end":{"line":77,"column":null}}]}},"s":{"0":3,"1":3,"2":0,"3":0,"4":0,"5":0,"6":0,"7":0,"8":0,"9":0,"10":0,"11":0,"12":0,"13":0,"14":0,"15":0,"16":0,"17":0,"18":0,"19":0,"20":0,"21":0,"22":0,"23":0,"24":0,"25":0,"26":0,"27":0,"28":0,"29":3},"f":{"0":0,"1":0,"2":0,"3":0},"b":{"0":[0],"1":[0]}}
,"/home/dell/Desktop/Training/Node.JS/College-ERP/src/Components/Department/department.model.ts": {"path":"/home/dell/Desktop/Training/Node.JS/College-ERP/src/Components/Department/department.model.ts","statementMap":{"0":{"start":{"line":1,"column":0},"end":{"line":1,"column":32}},"1":{"start":{"line":3,"column":26},"end":{"line":3,"column":34}},"2":{"start":{"line":6,"column":25},"end":{"line":23,"column":null}},"3":{"start":{"line":26,"column":19},"end":{"line":26,"column":56}},"4":{"start":{"line":27,"column":0},"end":{"line":27,"column":26}}},"fnMap":{},"branchMap":{},"s":{"0":3,"1":3,"2":3,"3":3,"4":3},"f":{},"b":{}}
,"/home/dell/Desktop/Training/Node.JS/College-ERP/src/Components/Department/department.routes.ts": {"path":"/home/dell/Desktop/Training/Node.JS/College-ERP/src/Components/Department/department.routes.ts","statementMap":{"0":{"start":{"line":1,"column":0},"end":{"line":1,"column":33}},"1":{"start":{"line":3,"column":0},"end":{"line":3,"column":59}},"2":{"start":{"line":4,"column":0},"end":{"line":4,"column":56}},"3":{"start":{"line":5,"column":0},"end":{"line":5,"column":54}},"4":{"start":{"line":10,"column":2},"end":{"line":10,"column":52}},"5":{"start":{"line":13,"column":4},"end":{"line":13,"column":27}},"6":{"start":{"line":14,"column":4},"end":{"line":14,"column":28}},"7":{"start":{"line":19,"column":4},"end":{"line":19,"column":104}},"8":{"start":{"line":22,"column":4},"end":{"line":22,"column":98}},"9":{"start":{"line":25,"column":4},"end":{"line":25,"column":112}},"10":{"start":{"line":28,"column":4},"end":{"line":28,"column":113}},"11":{"start":{"line":32,"column":0},"end":{"line":32,"column":45}}},"fnMap":{"0":{"name":"(anonymous_0)","decl":{"start":{"line":12,"column":2},"end":{"line":12,"column":null}},"loc":{"start":{"line":12,"column":2},"end":{"line":15,"column":3}}},"1":{"name":"(anonymous_1)","decl":{"start":{"line":17,"column":2},"end":{"line":17,"column":18}},"loc":{"start":{"line":17,"column":18},"end":{"line":29,"column":3}}}},"branchMap":{},"s":{"0":3,"1":3,"2":3,"3":3,"4":3,"5":3,"6":3,"7":3,"8":3,"9":3,"10":3,"11":3},"f":{"0":3,"1":3},"b":{}}
,"/home/dell/Desktop/Training/Node.JS/College-ERP/src/Components/Faculty/faculty.DAL.ts": {"path":"/home/dell/Desktop/Training/Node.JS/College-ERP/src/Components/Faculty/faculty.DAL.ts","statementMap":{"0":{"start":{"line":2,"column":0},"end":{"line":2,"column":38}},"1":{"start":{"line":10,"column":2},"end":{"line":14,"column":null}},"2":{"start":{"line":11,"column":4},"end":{"line":11,"column":45}},"3":{"start":{"line":13,"column":4},"end":{"line":13,"column":27}},"4":{"start":{"line":9,"column":0},"end":{"line":9,"column":7}},"5":{"start":{"line":22,"column":2},"end":{"line":26,"column":null}},"6":{"start":{"line":23,"column":4},"end":{"line":23,"column":46}},"7":{"start":{"line":25,"column":4},"end":{"line":25,"column":27}},"8":{"start":{"line":21,"column":0},"end":{"line":21,"column":7}},"9":{"start":{"line":34,"column":2},"end":{"line":46,"column":null}},"10":{"start":{"line":35,"column":4},"end":{"line":43,"column":14}},"11":{"start":{"line":45,"column":4},"end":{"line":45,"column":27}},"12":{"start":{"line":33,"column":0},"end":{"line":33,"column":7}},"13":{"start":{"line":55,"column":2},"end":{"line":59,"column":null}},"14":{"start":{"line":56,"column":4},"end":{"line":56,"column":38}},"15":{"start":{"line":58,"column":4},"end":{"line":58,"column":27}},"16":{"start":{"line":54,"column":0},"end":{"line":54,"column":7}}},"fnMap":{"0":{"name":"createFaculty","decl":{"start":{"line":9,"column":22},"end":{"line":9,"column":35}},"loc":{"start":{"line":9,"column":47},"end":{"line":15,"column":1}}},"1":{"name":"findFacultyByEmailId","decl":{"start":{"line":21,"column":22},"end":{"line":21,"column":42}},"loc":{"start":{"line":21,"column":50},"end":{"line":27,"column":1}}},"2":{"name":"findFaculties","decl":{"start":{"line":33,"column":22},"end":{"line":33,"column":35}},"loc":{"start":{"line":33,"column":47},"end":{"line":47,"column":1}}},"3":{"name":"findFacultyById","decl":{"start":{"line":54,"column":22},"end":{"line":54,"column":37}},"loc":{"start":{"line":54,"column":40},"end":{"line":60,"column":1}}}},"branchMap":{},"s":{"0":3,"1":0,"2":0,"3":0,"4":3,"5":0,"6":0,"7":0,"8":3,"9":0,"10":0,"11":0,"12":3,"13":0,"14":0,"15":0,"16":3},"f":{"0":0,"1":0,"2":0,"3":0},"b":{}}
,"/home/dell/Desktop/Training/Node.JS/College-ERP/src/Components/Faculty/faculty.controller.ts": {"path":"/home/dell/Desktop/Training/Node.JS/College-ERP/src/Components/Faculty/faculty.controller.ts","statementMap":{"0":{"start":{"line":1,"column":0},"end":{"line":1,"column":33}},"1":{"start":{"line":2,"column":0},"end":{"line":2,"column":36}},"2":{"start":{"line":5,"column":0},"end":{"line":5,"column":33}},"3":{"start":{"line":7,"column":0},"end":{"line":7,"column":100}},"4":{"start":{"line":11,"column":0},"end":{"line":11,"column":16}},"5":{"start":{"line":20,"column":4},"end":{"line":30,"column":null}},"6":{"start":{"line":21,"column":25},"end":{"line":21,"column":33}},"7":{"start":{"line":23,"column":22},"end":{"line":23,"column":53}},"8":{"start":{"line":25,"column":6},"end":{"line":27,"column":120}},"9":{"start":{"line":29,"column":6},"end":{"line":29,"column":117}},"10":{"start":{"line":39,"column":4},"end":{"line":73,"column":null}},"11":{"start":{"line":40,"column":36},"end":{"line":40,"column":44}},"12":{"start":{"line":41,"column":6},"end":{"line":45,"column":null}},"13":{"start":{"line":42,"column":8},"end":{"line":44,"column":115}},"14":{"start":{"line":47,"column":22},"end":{"line":47,"column":57}},"15":{"start":{"line":48,"column":6},"end":{"line":70,"column":null}},"16":{"start":{"line":49,"column":22},"end":{"line":49,"column":70}},"17":{"start":{"line":51,"column":8},"end":{"line":67,"column":null}},"18":{"start":{"line":52,"column":29},"end":{"line":52,"column":52}},"19":{"start":{"line":54,"column":24},"end":{"line":56,"column":null}},"20":{"start":{"line":59,"column":10},"end":{"line":59,"column":36}},"21":{"start":{"line":60,"column":10},"end":{"line":60,"column":31}},"22":{"start":{"line":61,"column":10},"end":{"line":64,"column":13}},"23":{"start":{"line":66,"column":10},"end":{"line":66,"column":119}},"24":{"start":{"line":69,"column":8},"end":{"line":69,"column":117}},"25":{"start":{"line":72,"column":6},"end":{"line":72,"column":105}},"26":{"start":{"line":82,"column":4},"end":{"line":95,"column":null}},"27":{"start":{"line":83,"column":17},"end":{"line":83,"column":33}},"28":{"start":{"line":84,"column":22},"end":{"line":84,"column":47}},"29":{"start":{"line":85,"column":6},"end":{"line":87,"column":null}},"30":{"start":{"line":86,"column":8},"end":{"line":86,"column":107}},"31":{"start":{"line":88,"column":6},"end":{"line":88,"column":30}},"32":{"start":{"line":89,"column":6},"end":{"line":89,"column":27}},"33":{"start":{"line":90,"column":6},"end":{"line":92,"column":115}},"34":{"start":{"line":94,"column":6},"end":{"line":94,"column":105}},"35":{"start":{"line":104,"column":4},"end":{"line":109,"column":null}},"36":{"start":{"line":105,"column":24},"end":{"line":105,"column":60}},"37":{"start":{"line":106,"column":6},"end":{"line":106,"column":110}},"38":{"start":{"line":108,"column":6},"end":{"line":108,"column":113}},"39":{"start":{"line":118,"column":4},"end":{"line":135,"column":null}},"40":{"start":{"line":119,"column":15},"end":{"line":119,"column":28}},"41":{"start":{"line":120,"column":22},"end":{"line":120,"column":47}},"42":{"start":{"line":121,"column":6},"end":{"line":123,"column":null}},"43":{"start":{"line":122,"column":8},"end":{"line":122,"column":114}},"44":{"start":{"line":125,"column":6},"end":{"line":127,"column":null}},"45":{"start":{"line":126,"column":8},"end":{"line":126,"column":41}},"46":{"start":{"line":129,"column":6},"end":{"line":129,"column":27}},"47":{"start":{"line":130,"column":6},"end":{"line":132,"column":115}},"48":{"start":{"line":134,"column":6},"end":{"line":134,"column":116}},"49":{"start":{"line":144,"column":4},"end":{"line":156,"column":null}},"50":{"start":{"line":145,"column":17},"end":{"line":145,"column":30}},"51":{"start":{"line":146,"column":22},"end":{"line":146,"column":47}},"52":{"start":{"line":147,"column":6},"end":{"line":149,"column":null}},"53":{"start":{"line":148,"column":8},"end":{"line":148,"column":107}},"54":{"start":{"line":150,"column":6},"end":{"line":150,"column":32}},"55":{"start":{"line":151,"column":6},"end":{"line":153,"column":115}},"56":{"start":{"line":155,"column":6},"end":{"line":155,"column":116}},"57":{"start":{"line":165,"column":4},"end":{"line":173,"column":null}},"58":{"start":{"line":166,"column":22},"end":{"line":166,"column":62}},"59":{"start":{"line":167,"column":6},"end":{"line":169,"column":null}},"60":{"start":{"line":168,"column":8},"end":{"line":168,"column":107}},"61":{"start":{"line":170,"column":6},"end":{"line":170,"column":108}},"62":{"start":{"line":172,"column":6},"end":{"line":172,"column":120}},"63":{"start":{"line":176,"column":0},"end":{"line":176,"column":33}}},"fnMap":{"0":{"name":"(anonymous_0)","decl":{"start":{"line":19,"column":2},"end":{"line":19,"column":7}},"loc":{"start":{"line":19,"column":30},"end":{"line":31,"column":3}}},"1":{"name":"(anonymous_1)","decl":{"start":{"line":38,"column":2},"end":{"line":38,"column":7}},"loc":{"start":{"line":38,"column":29},"end":{"line":74,"column":3}}},"2":{"name":"(anonymous_2)","decl":{"start":{"line":81,"column":2},"end":{"line":81,"column":7}},"loc":{"start":{"line":81,"column":30},"end":{"line":96,"column":3}}},"3":{"name":"(anonymous_3)","decl":{"start":{"line":103,"column":2},"end":{"line":103,"column":7}},"loc":{"start":{"line":103,"column":29},"end":{"line":110,"column":3}}},"4":{"name":"(anonymous_4)","decl":{"start":{"line":117,"column":2},"end":{"line":117,"column":7}},"loc":{"start":{"line":117,"column":30},"end":{"line":136,"column":3}}},"5":{"name":"(anonymous_5)","decl":{"start":{"line":143,"column":2},"end":{"line":143,"column":7}},"loc":{"start":{"line":143,"column":30},"end":{"line":157,"column":3}}},"6":{"name":"(anonymous_6)","decl":{"start":{"line":164,"column":2},"end":{"line":164,"column":7}},"loc":{"start":{"line":164,"column":27},"end":{"line":174,"column":3}}}},"branchMap":{"0":{"loc":{"start":{"line":41,"column":6},"end":{"line":45,"column":null}},"type":"if","locations":[{"start":{"line":41,"column":6},"end":{"line":45,"column":null}}]},"1":{"loc":{"start":{"line":41,"column":10},"end":{"line":41,"column":31}},"type":"binary-expr","locations":[{"start":{"line":41,"column":10},"end":{"line":41,"column":18}},{"start":{"line":41,"column":22},"end":{"line":41,"column":31}}]},"2":{"loc":{"start":{"line":48,"column":6},"end":{"line":70,"column":null}},"type":"if","locations":[{"start":{"line":48,"column":6},"end":{"line":70,"column":null}},{"start":{"line":68,"column":13},"end":{"line":70,"column":null}}]},"3":{"loc":{"start":{"line":51,"column":8},"end":{"line":67,"column":null}},"type":"if","locations":[{"start":{"line":51,"column":8},"end":{"line":67,"column":null}},{"start":{"line":65,"column":15},"end":{"line":67,"column":null}}]},"4":{"loc":{"start":{"line":85,"column":6},"end":{"line":87,"column":null}},"type":"if","locations":[{"start":{"line":85,"column":6},"end":{"line":87,"column":null}}]},"5":{"loc":{"start":{"line":121,"column":6},"end":{"line":123,"column":null}},"type":"if","locations":[{"start":{"line":121,"column":6},"end":{"line":123,"column":null}}]},"6":{"loc":{"start":{"line":147,"column":6},"end":{"line":149,"column":null}},"type":"if","locations":[{"start":{"line":147,"column":6},"end":{"line":149,"column":null}}]},"7":{"loc":{"start":{"line":167,"column":6},"end":{"line":169,"column":null}},"type":"if","locations":[{"start":{"line":167,"column":6},"end":{"line":169,"column":null}}]}},"s":{"0":3,"1":3,"2":3,"3":3,"4":3,"5":0,"6":0,"7":0,"8":0,"9":0,"10":0,"11":0,"12":0,"13":0,"14":0,"15":0,"16":0,"17":0,"18":0,"19":0,"20":0,"21":0,"22":0,"23":0,"24":0,"25":0,"26":0,"27":0,"28":0,"29":0,"30":0,"31":0,"32":0,"33":0,"34":0,"35":0,"36":0,"37":0,"38":0,"39":0,"40":0,"41":0,"42":0,"43":0,"44":0,"45":0,"46":0,"47":0,"48":0,"49":0,"50":0,"51":0,"52":0,"53":0,"54":0,"55":0,"56":0,"57":0,"58":0,"59":0,"60":0,"61":0,"62":0,"63":3},"f":{"0":0,"1":0,"2":0,"3":0,"4":0,"5":0,"6":0},"b":{"0":[0],"1":[0,0],"2":[0,0],"3":[0,0],"4":[0],"5":[0],"6":[0],"7":[0]}}
,"/home/dell/Desktop/Training/Node.JS/College-ERP/src/Components/Faculty/faculty.model.ts": {"path":"/home/dell/Desktop/Training/Node.JS/College-ERP/src/Components/Faculty/faculty.model.ts","statementMap":{"0":{"start":{"line":1,"column":0},"end":{"line":1,"column":32}},"1":{"start":{"line":2,"column":0},"end":{"line":2,"column":33}},"2":{"start":{"line":4,"column":26},"end":{"line":4,"column":34}},"3":{"start":{"line":7,"column":22},"end":{"line":42,"column":null}},"4":{"start":{"line":46,"column":0},"end":{"line":53,"column":3}},"5":{"start":{"line":47,"column":2},"end":{"line":52,"column":20}},"6":{"start":{"line":48,"column":4},"end":{"line":50,"column":null}},"7":{"start":{"line":49,"column":6},"end":{"line":49,"column":58}},"8":{"start":{"line":51,"column":4},"end":{"line":51,"column":11}},"9":{"start":{"line":55,"column":16},"end":{"line":55,"column":47}},"10":{"start":{"line":56,"column":0},"end":{"line":56,"column":23}}},"fnMap":{"0":{"name":"(anonymous_0)","decl":{"start":{"line":46,"column":26},"end":{"line":46,"column":31}},"loc":{"start":{"line":46,"column":46},"end":{"line":53,"column":1}}}},"branchMap":{"0":{"loc":{"start":{"line":48,"column":4},"end":{"line":50,"column":null}},"type":"if","locations":[{"start":{"line":48,"column":4},"end":{"line":50,"column":null}}]}},"s":{"0":3,"1":3,"2":3,"3":3,"4":3,"5":0,"6":0,"7":0,"8":0,"9":3,"10":3},"f":{"0":0},"b":{"0":[0]}}
,"/home/dell/Desktop/Training/Node.JS/College-ERP/src/Components/Faculty/faculty.routes.ts": {"path":"/home/dell/Desktop/Training/Node.JS/College-ERP/src/Components/Faculty/faculty.routes.ts","statementMap":{"0":{"start":{"line":1,"column":0},"end":{"line":1,"column":33}},"1":{"start":{"line":3,"column":0},"end":{"line":3,"column":53}},"2":{"start":{"line":4,"column":0},"end":{"line":4,"column":56}},"3":{"start":{"line":5,"column":0},"end":{"line":5,"column":54}},"4":{"start":{"line":10,"column":2},"end":{"line":10,"column":46}},"5":{"start":{"line":13,"column":4},"end":{"line":13,"column":27}},"6":{"start":{"line":14,"column":4},"end":{"line":14,"column":28}},"7":{"start":{"line":19,"column":4},"end":{"line":19,"column":98}},"8":{"start":{"line":22,"column":4},"end":{"line":22,"column":68}},"9":{"start":{"line":25,"column":4},"end":{"line":25,"column":86}},"10":{"start":{"line":28,"column":4},"end":{"line":28,"column":93}},"11":{"start":{"line":31,"column":4},"end":{"line":31,"column":107}},"12":{"start":{"line":34,"column":4},"end":{"line":34,"column":108}},"13":{"start":{"line":37,"column":4},"end":{"line":37,"column":93}},"14":{"start":{"line":41,"column":0},"end":{"line":41,"column":42}}},"fnMap":{"0":{"name":"(anonymous_0)","decl":{"start":{"line":12,"column":2},"end":{"line":12,"column":null}},"loc":{"start":{"line":12,"column":2},"end":{"line":15,"column":3}}},"1":{"name":"(anonymous_1)","decl":{"start":{"line":17,"column":2},"end":{"line":17,"column":18}},"loc":{"start":{"line":17,"column":18},"end":{"line":38,"column":3}}}},"branchMap":{},"s":{"0":3,"1":3,"2":3,"3":3,"4":3,"5":3,"6":3,"7":3,"8":3,"9":3,"10":3,"11":3,"12":3,"13":3,"14":3},"f":{"0":3,"1":3},"b":{}}
,"/home/dell/Desktop/Training/Node.JS/College-ERP/src/Components/Student/student.DAL.ts": {"path":"/home/dell/Desktop/Training/Node.JS/College-ERP/src/Components/Student/student.DAL.ts","statementMap":{"0":{"start":{"line":3,"column":0},"end":{"line":3,"column":38}},"1":{"start":{"line":11,"column":2},"end":{"line":15,"column":null}},"2":{"start":{"line":12,"column":4},"end":{"line":12,"column":45}},"3":{"start":{"line":14,"column":4},"end":{"line":14,"column":27}},"4":{"start":{"line":10,"column":0},"end":{"line":10,"column":7}},"5":{"start":{"line":25,"column":2},"end":{"line":29,"column":null}},"6":{"start":{"line":26,"column":4},"end":{"line":26,"column":46}},"7":{"start":{"line":28,"column":4},"end":{"line":28,"column":27}},"8":{"start":{"line":24,"column":0},"end":{"line":24,"column":7}},"9":{"start":{"line":37,"column":2},"end":{"line":41,"column":null}},"10":{"start":{"line":38,"column":4},"end":{"line":38,"column":39}},"11":{"start":{"line":40,"column":4},"end":{"line":40,"column":27}},"12":{"start":{"line":36,"column":0},"end":{"line":36,"column":7}},"13":{"start":{"line":50,"column":2},"end":{"line":54,"column":null}},"14":{"start":{"line":51,"column":4},"end":{"line":51,"column":38}},"15":{"start":{"line":53,"column":4},"end":{"line":53,"column":27}},"16":{"start":{"line":49,"column":0},"end":{"line":49,"column":7}},"17":{"start":{"line":62,"column":2},"end":{"line":158,"column":null}},"18":{"start":{"line":63,"column":21},"end":{"line":152,"column":6}},"19":{"start":{"line":153,"column":17},"end":{"line":153,"column":76}},"20":{"start":{"line":155,"column":4},"end":{"line":155,"column":16}},"21":{"start":{"line":157,"column":4},"end":{"line":157,"column":27}},"22":{"start":{"line":61,"column":0},"end":{"line":61,"column":7}},"23":{"start":{"line":167,"column":2},"end":{"line":256,"column":null}},"24":{"start":{"line":168,"column":26},"end":{"line":235,"column":6}},"25":{"start":{"line":236,"column":4},"end":{"line":243,"column":null}},"26":{"start":{"line":237,"column":21},"end":{"line":241,"column":8}},"27":{"start":{"line":242,"column":6},"end":{"line":242,"column":31}},"28":{"start":{"line":244,"column":4},"end":{"line":251,"column":null}},"29":{"start":{"line":245,"column":21},"end":{"line":249,"column":8}},"30":{"start":{"line":250,"column":6},"end":{"line":250,"column":31}},"31":{"start":{"line":252,"column":17},"end":{"line":252,"column":57}},"32":{"start":{"line":253,"column":4},"end":{"line":253,"column":16}},"33":{"start":{"line":255,"column":4},"end":{"line":255,"column":27}},"34":{"start":{"line":166,"column":0},"end":{"line":166,"column":7}},"35":{"start":{"line":265,"column":2},"end":{"line":368,"column":null}},"36":{"start":{"line":266,"column":26},"end":{"line":339,"column":6}},"37":{"start":{"line":340,"column":4},"end":{"line":347,"column":null}},"38":{"start":{"line":341,"column":21},"end":{"line":345,"column":8}},"39":{"start":{"line":346,"column":6},"end":{"line":346,"column":31}},"40":{"start":{"line":348,"column":4},"end":{"line":355,"column":null}},"41":{"start":{"line":349,"column":21},"end":{"line":353,"column":8}},"42":{"start":{"line":354,"column":6},"end":{"line":354,"column":31}},"43":{"start":{"line":356,"column":4},"end":{"line":363,"column":null}},"44":{"start":{"line":357,"column":21},"end":{"line":361,"column":8}},"45":{"start":{"line":362,"column":6},"end":{"line":362,"column":36}},"46":{"start":{"line":364,"column":17},"end":{"line":364,"column":76}},"47":{"start":{"line":365,"column":4},"end":{"line":365,"column":16}},"48":{"start":{"line":367,"column":4},"end":{"line":367,"column":27}},"49":{"start":{"line":264,"column":0},"end":{"line":264,"column":7}},"50":{"start":{"line":376,"column":2},"end":{"line":496,"column":null}},"51":{"start":{"line":377,"column":21},"end":{"line":490,"column":6}},"52":{"start":{"line":491,"column":17},"end":{"line":491,"column":76}},"53":{"start":{"line":493,"column":4},"end":{"line":493,"column":16}},"54":{"start":{"line":495,"column":4},"end":{"line":495,"column":27}},"55":{"start":{"line":375,"column":0},"end":{"line":375,"column":7}}},"fnMap":{"0":{"name":"createStudent","decl":{"start":{"line":10,"column":22},"end":{"line":10,"column":35}},"loc":{"start":{"line":10,"column":47},"end":{"line":16,"column":1}}},"1":{"name":"findStudentByEmailId","decl":{"start":{"line":24,"column":22},"end":{"line":24,"column":42}},"loc":{"start":{"line":24,"column":50},"end":{"line":30,"column":1}}},"2":{"name":"findStudents","decl":{"start":{"line":36,"column":22},"end":{"line":36,"column":34}},"loc":{"start":{"line":36,"column":34},"end":{"line":42,"column":1}}},"3":{"name":"findStudentById","decl":{"start":{"line":49,"column":22},"end":{"line":49,"column":37}},"loc":{"start":{"line":49,"column":59},"end":{"line":55,"column":1}}},"4":{"name":"getBatchDepartmentWiseData","decl":{"start":{"line":61,"column":22},"end":{"line":61,"column":48}},"loc":{"start":{"line":61,"column":48},"end":{"line":159,"column":1}}},"5":{"name":"getAbsentStudentBatchYearSemesterDateWise","decl":{"start":{"line":166,"column":22},"end":{"line":166,"column":63}},"loc":{"start":{"line":166,"column":75},"end":{"line":257,"column":1}}},"6":{"name":"getMoreThen75PercentStudent","decl":{"start":{"line":264,"column":22},"end":{"line":264,"column":49}},"loc":{"start":{"line":264,"column":61},"end":{"line":369,"column":1}}},"7":{"name":"getVacancySeat","decl":{"start":{"line":375,"column":22},"end":{"line":375,"column":36}},"loc":{"start":{"line":375,"column":36},"end":{"line":497,"column":1}}}},"branchMap":{"0":{"loc":{"start":{"line":236,"column":4},"end":{"line":243,"column":null}},"type":"if","locations":[{"start":{"line":236,"column":4},"end":{"line":243,"column":null}}]},"1":{"loc":{"start":{"line":244,"column":4},"end":{"line":251,"column":null}},"type":"if","locations":[{"start":{"line":244,"column":4},"end":{"line":251,"column":null}}]},"2":{"loc":{"start":{"line":340,"column":4},"end":{"line":347,"column":null}},"type":"if","locations":[{"start":{"line":340,"column":4},"end":{"line":347,"column":null}}]},"3":{"loc":{"start":{"line":348,"column":4},"end":{"line":355,"column":null}},"type":"if","locations":[{"start":{"line":348,"column":4},"end":{"line":355,"column":null}}]},"4":{"loc":{"start":{"line":356,"column":4},"end":{"line":363,"column":null}},"type":"if","locations":[{"start":{"line":356,"column":4},"end":{"line":363,"column":null}}]}},"s":{"0":3,"1":0,"2":0,"3":0,"4":3,"5":0,"6":0,"7":0,"8":3,"9":0,"10":0,"11":0,"12":3,"13":0,"14":0,"15":0,"16":3,"17":0,"18":0,"19":0,"20":0,"21":0,"22":3,"23":0,"24":0,"25":0,"26":0,"27":0,"28":0,"29":0,"30":0,"31":0,"32":0,"33":0,"34":3,"35":0,"36":0,"37":0,"38":0,"39":0,"40":0,"41":0,"42":0,"43":0,"44":0,"45":0,"46":0,"47":0,"48":0,"49":3,"50":0,"51":0,"52":0,"53":0,"54":0,"55":3},"f":{"0":0,"1":0,"2":0,"3":0,"4":0,"5":0,"6":0,"7":0},"b":{"0":[0],"1":[0],"2":[0],"3":[0],"4":[0]}}
,"/home/dell/Desktop/Training/Node.JS/College-ERP/src/Components/Student/student.controller.ts": {"path":"/home/dell/Desktop/Training/Node.JS/College-ERP/src/Components/Student/student.controller.ts","statementMap":{"0":{"start":{"line":1,"column":0},"end":{"line":1,"column":33}},"1":{"start":{"line":2,"column":0},"end":{"line":2,"column":36}},"2":{"start":{"line":5,"column":0},"end":{"line":5,"column":33}},"3":{"start":{"line":7,"column":0},"end":{"line":7,"column":null}},"4":{"start":{"line":17,"column":0},"end":{"line":17,"column":16}},"5":{"start":{"line":26,"column":4},"end":{"line":35,"column":null}},"6":{"start":{"line":27,"column":25},"end":{"line":27,"column":33}},"7":{"start":{"line":28,"column":22},"end":{"line":28,"column":53}},"8":{"start":{"line":30,"column":6},"end":{"line":32,"column":120}},"9":{"start":{"line":34,"column":6},"end":{"line":34,"column":120}},"10":{"start":{"line":44,"column":4},"end":{"line":77,"column":null}},"11":{"start":{"line":45,"column":36},"end":{"line":45,"column":44}},"12":{"start":{"line":46,"column":6},"end":{"line":50,"column":null}},"13":{"start":{"line":47,"column":8},"end":{"line":49,"column":115}},"14":{"start":{"line":51,"column":22},"end":{"line":51,"column":57}},"15":{"start":{"line":52,"column":6},"end":{"line":74,"column":null}},"16":{"start":{"line":53,"column":22},"end":{"line":53,"column":70}},"17":{"start":{"line":55,"column":8},"end":{"line":71,"column":null}},"18":{"start":{"line":56,"column":29},"end":{"line":56,"column":52}},"19":{"start":{"line":58,"column":24},"end":{"line":60,"column":null}},"20":{"start":{"line":63,"column":10},"end":{"line":63,"column":36}},"21":{"start":{"line":64,"column":10},"end":{"line":64,"column":31}},"22":{"start":{"line":65,"column":10},"end":{"line":68,"column":13}},"23":{"start":{"line":70,"column":10},"end":{"line":70,"column":119}},"24":{"start":{"line":73,"column":8},"end":{"line":73,"column":117}},"25":{"start":{"line":76,"column":6},"end":{"line":76,"column":91}},"26":{"start":{"line":86,"column":4},"end":{"line":99,"column":null}},"27":{"start":{"line":87,"column":17},"end":{"line":87,"column":33}},"28":{"start":{"line":88,"column":22},"end":{"line":88,"column":47}},"29":{"start":{"line":89,"column":6},"end":{"line":91,"column":null}},"30":{"start":{"line":90,"column":8},"end":{"line":90,"column":107}},"31":{"start":{"line":92,"column":6},"end":{"line":92,"column":30}},"32":{"start":{"line":93,"column":6},"end":{"line":93,"column":27}},"33":{"start":{"line":94,"column":6},"end":{"line":96,"column":115}},"34":{"start":{"line":98,"column":6},"end":{"line":98,"column":106}},"35":{"start":{"line":108,"column":4},"end":{"line":113,"column":null}},"36":{"start":{"line":109,"column":23},"end":{"line":109,"column":43}},"37":{"start":{"line":110,"column":6},"end":{"line":110,"column":109}},"38":{"start":{"line":112,"column":6},"end":{"line":112,"column":113}},"39":{"start":{"line":122,"column":4},"end":{"line":140,"column":null}},"40":{"start":{"line":123,"column":17},"end":{"line":123,"column":30}},"41":{"start":{"line":125,"column":22},"end":{"line":125,"column":47}},"42":{"start":{"line":126,"column":6},"end":{"line":128,"column":null}},"43":{"start":{"line":127,"column":8},"end":{"line":127,"column":107}},"44":{"start":{"line":130,"column":6},"end":{"line":132,"column":null}},"45":{"start":{"line":131,"column":8},"end":{"line":131,"column":41}},"46":{"start":{"line":134,"column":6},"end":{"line":134,"column":27}},"47":{"start":{"line":135,"column":6},"end":{"line":137,"column":115}},"48":{"start":{"line":139,"column":6},"end":{"line":139,"column":91}},"49":{"start":{"line":149,"column":4},"end":{"line":162,"column":null}},"50":{"start":{"line":150,"column":17},"end":{"line":150,"column":30}},"51":{"start":{"line":151,"column":22},"end":{"line":151,"column":47}},"52":{"start":{"line":153,"column":6},"end":{"line":155,"column":null}},"53":{"start":{"line":154,"column":8},"end":{"line":154,"column":107}},"54":{"start":{"line":156,"column":6},"end":{"line":156,"column":32}},"55":{"start":{"line":157,"column":6},"end":{"line":159,"column":115}},"56":{"start":{"line":161,"column":6},"end":{"line":161,"column":116}},"57":{"start":{"line":171,"column":4},"end":{"line":179,"column":null}},"58":{"start":{"line":172,"column":22},"end":{"line":172,"column":62}},"59":{"start":{"line":173,"column":6},"end":{"line":175,"column":null}},"60":{"start":{"line":174,"column":8},"end":{"line":174,"column":108}},"61":{"start":{"line":176,"column":6},"end":{"line":176,"column":108}},"62":{"start":{"line":178,"column":6},"end":{"line":178,"column":120}},"63":{"start":{"line":188,"column":4},"end":{"line":195,"column":null}},"64":{"start":{"line":189,"column":19},"end":{"line":189,"column":41}},"65":{"start":{"line":190,"column":6},"end":{"line":190,"column":105}},"66":{"start":{"line":192,"column":6},"end":{"line":194,"column":115}},"67":{"start":{"line":204,"column":4},"end":{"line":211,"column":null}},"68":{"start":{"line":205,"column":19},"end":{"line":205,"column":76}},"69":{"start":{"line":206,"column":6},"end":{"line":206,"column":105}},"70":{"start":{"line":208,"column":6},"end":{"line":210,"column":115}},"71":{"start":{"line":220,"column":4},"end":{"line":227,"column":null}},"72":{"start":{"line":221,"column":19},"end":{"line":221,"column":62}},"73":{"start":{"line":222,"column":6},"end":{"line":222,"column":105}},"74":{"start":{"line":224,"column":6},"end":{"line":226,"column":115}},"75":{"start":{"line":236,"column":4},"end":{"line":243,"column":null}},"76":{"start":{"line":237,"column":19},"end":{"line":237,"column":41}},"77":{"start":{"line":238,"column":6},"end":{"line":238,"column":105}},"78":{"start":{"line":240,"column":6},"end":{"line":242,"column":115}},"79":{"start":{"line":246,"column":0},"end":{"line":246,"column":33}}},"fnMap":{"0":{"name":"(anonymous_0)","decl":{"start":{"line":25,"column":2},"end":{"line":25,"column":7}},"loc":{"start":{"line":25,"column":30},"end":{"line":36,"column":3}}},"1":{"name":"(anonymous_1)","decl":{"start":{"line":43,"column":2},"end":{"line":43,"column":7}},"loc":{"start":{"line":43,"column":29},"end":{"line":78,"column":3}}},"2":{"name":"(anonymous_2)","decl":{"start":{"line":85,"column":2},"end":{"line":85,"column":7}},"loc":{"start":{"line":85,"column":30},"end":{"line":100,"column":3}}},"3":{"name":"(anonymous_3)","decl":{"start":{"line":107,"column":2},"end":{"line":107,"column":7}},"loc":{"start":{"line":107,"column":28},"end":{"line":114,"column":3}}},"4":{"name":"(anonymous_4)","decl":{"start":{"line":121,"column":2},"end":{"line":121,"column":7}},"loc":{"start":{"line":121,"column":30},"end":{"line":141,"column":3}}},"5":{"name":"(anonymous_5)","decl":{"start":{"line":148,"column":2},"end":{"line":148,"column":7}},"loc":{"start":{"line":148,"column":30},"end":{"line":163,"column":3}}},"6":{"name":"(anonymous_6)","decl":{"start":{"line":170,"column":2},"end":{"line":170,"column":7}},"loc":{"start":{"line":170,"column":27},"end":{"line":180,"column":3}}},"7":{"name":"(anonymous_7)","decl":{"start":{"line":187,"column":2},"end":{"line":187,"column":7}},"loc":{"start":{"line":187,"column":43},"end":{"line":196,"column":3}}},"8":{"name":"(anonymous_8)","decl":{"start":{"line":203,"column":2},"end":{"line":203,"column":7}},"loc":{"start":{"line":203,"column":58},"end":{"line":212,"column":3}}},"9":{"name":"(anonymous_9)","decl":{"start":{"line":219,"column":2},"end":{"line":219,"column":7}},"loc":{"start":{"line":219,"column":44},"end":{"line":228,"column":3}}},"10":{"name":"(anonymous_10)","decl":{"start":{"line":235,"column":2},"end":{"line":235,"column":7}},"loc":{"start":{"line":235,"column":31},"end":{"line":244,"column":3}}}},"branchMap":{"0":{"loc":{"start":{"line":46,"column":6},"end":{"line":50,"column":null}},"type":"if","locations":[{"start":{"line":46,"column":6},"end":{"line":50,"column":null}}]},"1":{"loc":{"start":{"line":46,"column":10},"end":{"line":46,"column":31}},"type":"binary-expr","locations":[{"start":{"line":46,"column":10},"end":{"line":46,"column":18}},{"start":{"line":46,"column":22},"end":{"line":46,"column":31}}]},"2":{"loc":{"start":{"line":52,"column":6},"end":{"line":74,"column":null}},"type":"if","locations":[{"start":{"line":52,"column":6},"end":{"line":74,"column":null}},{"start":{"line":72,"column":13},"end":{"line":74,"column":null}}]},"3":{"loc":{"start":{"line":55,"column":8},"end":{"line":71,"column":null}},"type":"if","locations":[{"start":{"line":55,"column":8},"end":{"line":71,"column":null}},{"start":{"line":69,"column":15},"end":{"line":71,"column":null}}]},"4":{"loc":{"start":{"line":89,"column":6},"end":{"line":91,"column":null}},"type":"if","locations":[{"start":{"line":89,"column":6},"end":{"line":91,"column":null}}]},"5":{"loc":{"start":{"line":126,"column":6},"end":{"line":128,"column":null}},"type":"if","locations":[{"start":{"line":126,"column":6},"end":{"line":128,"column":null}}]},"6":{"loc":{"start":{"line":153,"column":6},"end":{"line":155,"column":null}},"type":"if","locations":[{"start":{"line":153,"column":6},"end":{"line":155,"column":null}}]},"7":{"loc":{"start":{"line":173,"column":6},"end":{"line":175,"column":null}},"type":"if","locations":[{"start":{"line":173,"column":6},"end":{"line":175,"column":null}}]}},"s":{"0":3,"1":3,"2":3,"3":3,"4":3,"5":0,"6":0,"7":0,"8":0,"9":0,"10":0,"11":0,"12":0,"13":0,"14":0,"15":0,"16":0,"17":0,"18":0,"19":0,"20":0,"21":0,"22":0,"23":0,"24":0,"25":0,"26":0,"27":0,"28":0,"29":0,"30":0,"31":0,"32":0,"33":0,"34":0,"35":0,"36":0,"37":0,"38":0,"39":0,"40":0,"41":0,"42":0,"43":0,"44":0,"45":0,"46":0,"47":0,"48":0,"49":0,"50":0,"51":0,"52":0,"53":0,"54":0,"55":0,"56":0,"57":0,"58":0,"59":0,"60":0,"61":0,"62":0,"63":0,"64":0,"65":0,"66":0,"67":0,"68":0,"69":0,"70":0,"71":0,"72":0,"73":0,"74":0,"75":0,"76":0,"77":0,"78":0,"79":3},"f":{"0":0,"1":0,"2":0,"3":0,"4":0,"5":0,"6":0,"7":0,"8":0,"9":0,"10":0},"b":{"0":[0],"1":[0,0],"2":[0,0],"3":[0,0],"4":[0],"5":[0],"6":[0],"7":[0]}}
,"/home/dell/Desktop/Training/Node.JS/College-ERP/src/Components/Student/student.model.ts": {"path":"/home/dell/Desktop/Training/Node.JS/College-ERP/src/Components/Student/student.model.ts","statementMap":{"0":{"start":{"line":1,"column":0},"end":{"line":1,"column":32}},"1":{"start":{"line":2,"column":0},"end":{"line":2,"column":33}},"2":{"start":{"line":4,"column":26},"end":{"line":4,"column":34}},"3":{"start":{"line":6,"column":25},"end":{"line":9,"column":2}},"4":{"start":{"line":11,"column":19},"end":{"line":14,"column":2}},"5":{"start":{"line":17,"column":22},"end":{"line":67,"column":null}},"6":{"start":{"line":71,"column":0},"end":{"line":78,"column":3}},"7":{"start":{"line":72,"column":2},"end":{"line":77,"column":20}},"8":{"start":{"line":73,"column":4},"end":{"line":75,"column":null}},"9":{"start":{"line":74,"column":6},"end":{"line":74,"column":58}},"10":{"start":{"line":76,"column":4},"end":{"line":76,"column":11}},"11":{"start":{"line":80,"column":16},"end":{"line":80,"column":47}},"12":{"start":{"line":81,"column":0},"end":{"line":81,"column":23}}},"fnMap":{"0":{"name":"(anonymous_0)","decl":{"start":{"line":71,"column":26},"end":{"line":71,"column":31}},"loc":{"start":{"line":71,"column":46},"end":{"line":78,"column":1}}}},"branchMap":{"0":{"loc":{"start":{"line":73,"column":4},"end":{"line":75,"column":null}},"type":"if","locations":[{"start":{"line":73,"column":4},"end":{"line":75,"column":null}}]}},"s":{"0":3,"1":3,"2":3,"3":3,"4":3,"5":3,"6":3,"7":0,"8":0,"9":0,"10":0,"11":3,"12":3},"f":{"0":0},"b":{"0":[0]}}
,"/home/dell/Desktop/Training/Node.JS/College-ERP/src/Components/Student/student.routes.ts": {"path":"/home/dell/Desktop/Training/Node.JS/College-ERP/src/Components/Student/student.routes.ts","statementMap":{"0":{"start":{"line":1,"column":0},"end":{"line":1,"column":33}},"1":{"start":{"line":3,"column":0},"end":{"line":3,"column":53}},"2":{"start":{"line":4,"column":0},"end":{"line":4,"column":56}},"3":{"start":{"line":5,"column":0},"end":{"line":5,"column":54}},"4":{"start":{"line":10,"column":2},"end":{"line":10,"column":46}},"5":{"start":{"line":13,"column":4},"end":{"line":13,"column":27}},"6":{"start":{"line":14,"column":4},"end":{"line":14,"column":28}},"7":{"start":{"line":19,"column":4},"end":{"line":19,"column":98}},"8":{"start":{"line":22,"column":4},"end":{"line":22,"column":68}},"9":{"start":{"line":25,"column":4},"end":{"line":25,"column":86}},"10":{"start":{"line":28,"column":4},"end":{"line":28,"column":92}},"11":{"start":{"line":31,"column":4},"end":{"line":31,"column":107}},"12":{"start":{"line":34,"column":4},"end":{"line":34,"column":108}},"13":{"start":{"line":37,"column":4},"end":{"line":37,"column":93}},"14":{"start":{"line":42,"column":4},"end":{"line":42,"column":106}},"15":{"start":{"line":45,"column":4},"end":{"line":45,"column":109}},"16":{"start":{"line":48,"column":4},"end":{"line":48,"column":115}},"17":{"start":{"line":51,"column":4},"end":{"line":51,"column":78}},"18":{"start":{"line":55,"column":0},"end":{"line":55,"column":42}}},"fnMap":{"0":{"name":"(anonymous_0)","decl":{"start":{"line":12,"column":2},"end":{"line":12,"column":null}},"loc":{"start":{"line":12,"column":2},"end":{"line":15,"column":3}}},"1":{"name":"(anonymous_1)","decl":{"start":{"line":17,"column":2},"end":{"line":17,"column":18}},"loc":{"start":{"line":17,"column":18},"end":{"line":52,"column":3}}}},"branchMap":{},"s":{"0":3,"1":3,"2":3,"3":3,"4":3,"5":3,"6":3,"7":3,"8":3,"9":3,"10":3,"11":3,"12":3,"13":3,"14":3,"15":3,"16":3,"17":3,"18":3},"f":{"0":3,"1":3},"b":{}}
,"/home/dell/Desktop/Training/Node.JS/College-ERP/src/utils/authentication.ts": {"path":"/home/dell/Desktop/Training/Node.JS/College-ERP/src/utils/authentication.ts","statementMap":{"0":{"start":{"line":1,"column":0},"end":{"line":1,"column":33}},"1":{"start":{"line":3,"column":0},"end":{"line":3,"column":68}},"2":{"start":{"line":4,"column":0},"end":{"line":4,"column":68}},"3":{"start":{"line":5,"column":0},"end":{"line":5,"column":36}},"4":{"start":{"line":7,"column":0},"end":{"line":35,"column":2}},"5":{"start":{"line":8,"column":2},"end":{"line":34,"column":null}},"6":{"start":{"line":9,"column":4},"end":{"line":9,"column":20}},"7":{"start":{"line":11,"column":18},"end":{"line":11,"column":68}},"8":{"start":{"line":13,"column":23},"end":{"line":13,"column":46}},"9":{"start":{"line":16,"column":19},"end":{"line":16,"column":48}},"10":{"start":{"line":19,"column":22},"end":{"line":19,"column":114}},"11":{"start":{"line":21,"column":4},"end":{"line":23,"column":null}},"12":{"start":{"line":22,"column":6},"end":{"line":22,"column":109}},"13":{"start":{"line":26,"column":4},"end":{"line":31,"column":null}},"14":{"start":{"line":27,"column":6},"end":{"line":27,"column":32}},"15":{"start":{"line":28,"column":6},"end":{"line":28,"column":13}},"16":{"start":{"line":30,"column":6},"end":{"line":30,"column":105}},"17":{"start":{"line":33,"column":4},"end":{"line":33,"column":106}}},"fnMap":{"0":{"name":"(anonymous_0)","decl":{"start":{"line":7,"column":15},"end":{"line":7,"column":20}},"loc":{"start":{"line":7,"column":40},"end":{"line":35,"column":1}}}},"branchMap":{"0":{"loc":{"start":{"line":19,"column":22},"end":{"line":19,"column":114}},"type":"cond-expr","locations":[{"start":{"line":19,"column":61},"end":{"line":19,"column":86}},{"start":{"line":19,"column":89},"end":{"line":19,"column":114}}]},"1":{"loc":{"start":{"line":21,"column":4},"end":{"line":23,"column":null}},"type":"if","locations":[{"start":{"line":21,"column":4},"end":{"line":23,"column":null}}]},"2":{"loc":{"start":{"line":26,"column":4},"end":{"line":31,"column":null}},"type":"if","locations":[{"start":{"line":26,"column":4},"end":{"line":31,"column":null}},{"start":{"line":29,"column":11},"end":{"line":31,"column":null}}]}},"s":{"0":3,"1":3,"2":3,"3":3,"4":3,"5":0,"6":0,"7":0,"8":0,"9":0,"10":0,"11":0,"12":0,"13":0,"14":0,"15":0,"16":0,"17":0},"f":{"0":0},"b":{"0":[0,0],"1":[0],"2":[0,0]}}
,"/home/dell/Desktop/Training/Node.JS/College-ERP/src/utils/authorization.ts": {"path":"/home/dell/Desktop/Training/Node.JS/College-ERP/src/utils/authorization.ts","statementMap":{"0":{"start":{"line":1,"column":0},"end":{"line":86,"column":2}},"1":{"start":{"line":2,"column":20},"end":{"line":2,"column":33}},"2":{"start":{"line":4,"column":2},"end":{"line":6,"column":null}},"3":{"start":{"line":5,"column":4},"end":{"line":5,"column":98}},"4":{"start":{"line":9,"column":2},"end":{"line":85,"column":null}},"5":{"start":{"line":11,"column":4},"end":{"line":17,"column":null}},"6":{"start":{"line":12,"column":6},"end":{"line":12,"column":13}},"7":{"start":{"line":14,"column":6},"end":{"line":16,"column":111}},"8":{"start":{"line":21,"column":7},"end":{"line":85,"column":null}},"9":{"start":{"line":23,"column":4},"end":{"line":44,"column":null}},"10":{"start":{"line":25,"column":6},"end":{"line":25,"column":36}},"11":{"start":{"line":26,"column":6},"end":{"line":26,"column":13}},"12":{"start":{"line":30,"column":9},"end":{"line":44,"column":null}},"13":{"start":{"line":31,"column":6},"end":{"line":33,"column":null}},"14":{"start":{"line":32,"column":8},"end":{"line":32,"column":42}},"15":{"start":{"line":34,"column":6},"end":{"line":43,"column":null}},"16":{"start":{"line":38,"column":8},"end":{"line":38,"column":15}},"17":{"start":{"line":40,"column":8},"end":{"line":42,"column":113}},"18":{"start":{"line":48,"column":7},"end":{"line":85,"column":null}},"19":{"start":{"line":50,"column":4},"end":{"line":72,"column":null}},"20":{"start":{"line":51,"column":6},"end":{"line":51,"column":13}},"21":{"start":{"line":56,"column":6},"end":{"line":58,"column":null}},"22":{"start":{"line":57,"column":8},"end":{"line":57,"column":42}},"23":{"start":{"line":59,"column":6},"end":{"line":71,"column":null}},"24":{"start":{"line":66,"column":8},"end":{"line":66,"column":15}},"25":{"start":{"line":68,"column":8},"end":{"line":70,"column":113}},"26":{"start":{"line":76,"column":7},"end":{"line":85,"column":null}},"27":{"start":{"line":78,"column":4},"end":{"line":84,"column":null}},"28":{"start":{"line":79,"column":6},"end":{"line":79,"column":13}},"29":{"start":{"line":81,"column":6},"end":{"line":83,"column":111}}},"fnMap":{"0":{"name":"(anonymous_0)","decl":{"start":{"line":1,"column":15},"end":{"line":1,"column":20}},"loc":{"start":{"line":1,"column":40},"end":{"line":86,"column":1}}}},"branchMap":{"0":{"loc":{"start":{"line":4,"column":2},"end":{"line":6,"column":null}},"type":"if","locations":[{"start":{"line":4,"column":2},"end":{"line":6,"column":null}}]},"1":{"loc":{"start":{"line":9,"column":2},"end":{"line":85,"column":null}},"type":"if","locations":[{"start":{"line":9,"column":2},"end":{"line":85,"column":null}},{"start":{"line":21,"column":7},"end":{"line":85,"column":null}}]},"2":{"loc":{"start":{"line":11,"column":4},"end":{"line":17,"column":null}},"type":"if","locations":[{"start":{"line":11,"column":4},"end":{"line":17,"column":null}},{"start":{"line":13,"column":11},"end":{"line":17,"column":null}}]},"3":{"loc":{"start":{"line":11,"column":8},"end":{"line":11,"column":98}},"type":"binary-expr","locations":[{"start":{"line":11,"column":8},"end":{"line":11,"column":34}},{"start":{"line":11,"column":38},"end":{"line":11,"column":66}},{"start":{"line":11,"column":70},"end":{"line":11,"column":98}}]},"4":{"loc":{"start":{"line":21,"column":7},"end":{"line":85,"column":null}},"type":"if","locations":[{"start":{"line":21,"column":7},"end":{"line":85,"column":null}},{"start":{"line":48,"column":7},"end":{"line":85,"column":null}}]},"5":{"loc":{"start":{"line":23,"column":4},"end":{"line":44,"column":null}},"type":"if","locations":[{"start":{"line":23,"column":4},"end":{"line":44,"column":null}},{"start":{"line":30,"column":9},"end":{"line":44,"column":null}}]},"6":{"loc":{"start":{"line":30,"column":9},"end":{"line":44,"column":null}},"type":"if","locations":[{"start":{"line":30,"column":9},"end":{"line":44,"column":null}}]},"7":{"loc":{"start":{"line":31,"column":6},"end":{"line":33,"column":null}},"type":"if","locations":[{"start":{"line":31,"column":6},"end":{"line":33,"column":null}}]},"8":{"loc":{"start":{"line":34,"column":6},"end":{"line":43,"column":null}},"type":"if","locations":[{"start":{"line":34,"column":6},"end":{"line":43,"column":null}},{"start":{"line":39,"column":13},"end":{"line":43,"column":null}}]},"9":{"loc":{"start":{"line":35,"column":8},"end":{"line":36,"column":52}},"type":"binary-expr","locations":[{"start":{"line":35,"column":9},"end":{"line":35,"column":31}},{"start":{"line":35,"column":35},"end":{"line":35,"column":69}},{"start":{"line":35,"column":73},"end":{"line":35,"column":98}},{"start":{"line":36,"column":9},"end":{"line":36,"column":29}},{"start":{"line":36,"column":33},"end":{"line":36,"column":51}}]},"10":{"loc":{"start":{"line":48,"column":7},"end":{"line":85,"column":null}},"type":"if","locations":[{"start":{"line":48,"column":7},"end":{"line":85,"column":null}},{"start":{"line":76,"column":7},"end":{"line":85,"column":null}}]},"11":{"loc":{"start":{"line":50,"column":4},"end":{"line":72,"column":null}},"type":"if","locations":[{"start":{"line":50,"column":4},"end":{"line":72,"column":null}},{"start":{"line":55,"column":9},"end":{"line":72,"column":null}}]},"12":{"loc":{"start":{"line":50,"column":8},"end":{"line":50,"column":66}},"type":"binary-expr","locations":[{"start":{"line":50,"column":8},"end":{"line":50,"column":34}},{"start":{"line":50,"column":38},"end":{"line":50,"column":66}}]},"13":{"loc":{"start":{"line":56,"column":6},"end":{"line":58,"column":null}},"type":"if","locations":[{"start":{"line":56,"column":6},"end":{"line":58,"column":null}}]},"14":{"loc":{"start":{"line":59,"column":6},"end":{"line":71,"column":null}},"type":"if","locations":[{"start":{"line":59,"column":6},"end":{"line":71,"column":null}},{"start":{"line":67,"column":13},"end":{"line":71,"column":null}}]},"15":{"loc":{"start":{"line":60,"column":8},"end":{"line":64,"column":52}},"type":"binary-expr","locations":[{"start":{"line":60,"column":9},"end":{"line":60,"column":31}},{"start":{"line":61,"column":10},"end":{"line":61,"column":44}},{"start":{"line":62,"column":10},"end":{"line":62,"column":35}},{"start":{"line":63,"column":10},"end":{"line":63,"column":37}},{"start":{"line":64,"column":9},"end":{"line":64,"column":29}},{"start":{"line":64,"column":33},"end":{"line":64,"column":51}}]},"16":{"loc":{"start":{"line":76,"column":7},"end":{"line":85,"column":null}},"type":"if","locations":[{"start":{"line":76,"column":7},"end":{"line":85,"column":null}}]},"17":{"loc":{"start":{"line":78,"column":4},"end":{"line":84,"column":null}},"type":"if","locations":[{"start":{"line":78,"column":4},"end":{"line":84,"column":null}},{"start":{"line":80,"column":11},"end":{"line":84,"column":null}}]},"18":{"loc":{"start":{"line":78,"column":8},"end":{"line":78,"column":74}},"type":"binary-expr","locations":[{"start":{"line":78,"column":8},"end":{"line":78,"column":38}},{"start":{"line":78,"column":42},"end":{"line":78,"column":74}}]}},"s":{"0":3,"1":0,"2":0,"3":0,"4":0,"5":0,"6":0,"7":0,"8":0,"9":0,"10":0,"11":0,"12":0,"13":0,"14":0,"15":0,"16":0,"17":0,"18":0,"19":0,"20":0,"21":0,"22":0,"23":0,"24":0,"25":0,"26":0,"27":0,"28":0,"29":0},"f":{"0":0},"b":{"0":[0],"1":[0,0],"2":[0,0],"3":[0,0,0],"4":[0,0],"5":[0,0],"6":[0],"7":[0],"8":[0,0],"9":[0,0,0,0,0],"10":[0,0],"11":[0,0],"12":[0,0],"13":[0],"14":[0,0],"15":[0,0,0,0,0,0],"16":[0],"17":[0,0],"18":[0,0]}}
,"/home/dell/Desktop/Training/Node.JS/College-ERP/src/utils/winston-logger.ts": {"path":"/home/dell/Desktop/Training/Node.JS/College-ERP/src/utils/winston-logger.ts","statementMap":{"0":{"start":{"line":1,"column":0},"end":{"line":1,"column":59}},"1":{"start":{"line":2,"column":0},"end":{"line":2,"column":69}},"2":{"start":{"line":4,"column":29},"end":{"line":15,"column":2}},"3":{"start":{"line":17,"column":15},"end":{"line":26,"column":2}},"4":{"start":{"line":23,"column":6},"end":{"line":23,"column":51}},"5":{"start":{"line":28,"column":13},"end":{"line":28,"column":26}}},"fnMap":{"0":{"name":"(anonymous_0)","decl":{"start":{"line":22,"column":18},"end":{"line":22,"column":19}},"loc":{"start":{"line":22,"column":52},"end":{"line":24,"column":5}}}},"branchMap":{},"s":{"0":3,"1":3,"2":3,"3":3,"4":9,"5":3},"f":{"0":9},"b":{}}
,"/home/dell/Desktop/Training/Node.JS/College-ERP/tests/dbSetUpFileForTest.ts": {"path":"/home/dell/Desktop/Training/Node.JS/College-ERP/tests/dbSetUpFileForTest.ts","statementMap":{"0":{"start":{"line":1,"column":0},"end":{"line":1,"column":36}},"1":{"start":{"line":2,"column":0},"end":{"line":2,"column":37}},"2":{"start":{"line":3,"column":0},"end":{"line":3,"column":71}},"3":{"start":{"line":4,"column":0},"end":{"line":4,"column":62}},"4":{"start":{"line":5,"column":0},"end":{"line":5,"column":62}},"5":{"start":{"line":6,"column":0},"end":{"line":6,"column":33}},"6":{"start":{"line":9,"column":0},"end":{"line":9,"column":16}},"7":{"start":{"line":11,"column":21},"end":{"line":11,"column":50}},"8":{"start":{"line":12,"column":23},"end":{"line":12,"column":52}},"9":{"start":{"line":13,"column":23},"end":{"line":13,"column":52}},"10":{"start":{"line":14,"column":18},"end":{"line":14,"column":47}},"11":{"start":{"line":16,"column":23},"end":{"line":20,"column":null}},"12":{"start":{"line":22,"column":21},"end":{"line":31,"column":null}},"13":{"start":{"line":34,"column":21},"end":{"line":43,"column":null}},"14":{"start":{"line":45,"column":28},"end":{"line":53,"column":null}},"15":{"start":{"line":55,"column":26},"end":{"line":66,"column":null}},"16":{"start":{"line":68,"column":19},"end":{"line":80,"column":null}},"17":{"start":{"line":82,"column":20},"end":{"line":92,"column":1}},"18":{"start":{"line":83,"column":4},"end":{"line":83,"column":31}},"19":{"start":{"line":84,"column":4},"end":{"line":84,"column":31}},"20":{"start":{"line":85,"column":4},"end":{"line":85,"column":34}},"21":{"start":{"line":86,"column":4},"end":{"line":86,"column":47}},"22":{"start":{"line":87,"column":4},"end":{"line":87,"column":43}},"23":{"start":{"line":88,"column":4},"end":{"line":88,"column":43}},"24":{"start":{"line":89,"column":4},"end":{"line":89,"column":50}},"25":{"start":{"line":90,"column":4},"end":{"line":90,"column":50}},"26":{"start":{"line":91,"column":4},"end":{"line":91,"column":43}},"27":{"start":{"line":94,"column":0},"end":{"line":104,"column":null}}},"fnMap":{"0":{"name":"(anonymous_0)","decl":{"start":{"line":82,"column":20},"end":{"line":82,"column":25}},"loc":{"start":{"line":82,"column":30},"end":{"line":92,"column":1}}}},"branchMap":{},"s":{"0":3,"1":3,"2":3,"3":3,"4":3,"5":3,"6":3,"7":3,"8":3,"9":3,"10":3,"11":3,"12":3,"13":3,"14":3,"15":3,"16":3,"17":3,"18":25,"19":0,"20":0,"21":0,"22":0,"23":0,"24":0,"25":0,"26":0,"27":3},"f":{"0":25},"b":{}}
}
