TN:
SF:src/app.ts
FN:20,(anonymous_0)
FN:22,(anonymous_1)
FN:28,(anonymous_2)
FN:32,(anonymous_3)
FN:39,(anonymous_4)
FN:43,(anonymous_5)
FN:47,(anonymous_6)
FNF:7
FNH:6
FNDA:3,(anonymous_0)
FNDA:3,(anonymous_1)
FNDA:3,(anonymous_2)
FNDA:3,(anonymous_3)
FNDA:0,(anonymous_4)
FNDA:3,(anonymous_5)
FNDA:3,(anonymous_6)
DA:1,3
DA:2,3
DA:4,3
DA:5,3
DA:7,3
DA:8,3
DA:9,3
DA:12,3
DA:14,3
DA:15,3
DA:21,3
DA:22,3
DA:23,3
DA:25,3
DA:26,3
DA:29,3
DA:30,3
DA:33,3
DA:37,3
DA:39,3
DA:40,0
DA:43,3
DA:44,3
DA:47,3
DA:48,3
DA:52,3
LF:26
LH:25
BRF:0
BRH:0
end_of_record
TN:
SF:src/application.routes.ts
FN:9,(anonymous_0)
FNF:1
FNH:1
FNDA:3,(anonymous_0)
DA:2,3
DA:3,3
DA:4,3
DA:5,3
DA:6,3
DA:8,3
DA:10,3
DA:11,3
DA:12,3
DA:13,3
DA:14,3
LF:11
LH:11
BRF:0
BRH:0
end_of_record
TN:
SF:src/config.ts
FNF:0
FNH:0
DA:1,3
DA:3,3
DA:5,3
DA:13,3
LF:4
LH:4
BRF:0
BRH:0
end_of_record
TN:
SF:src/index.ts
FN:6,(anonymous_0)
FN:11,(anonymous_1)
FN:12,(anonymous_2)
FNF:3
FNH:2
FNDA:3,(anonymous_0)
FNDA:3,(anonymous_1)
FNDA:0,(anonymous_2)
DA:1,3
DA:7,3
DA:8,3
DA:12,3
DA:13,0
DA:18,3
LF:6
LH:5
BRF:0
BRH:0
end_of_record
TN:
SF:src/Components/Attendance/attendance.DAL.ts
FN:7,fillAttendance
FN:9,(anonymous_1)
FNF:2
FNH:0
FNDA:0,fillAttendance
FNDA:0,(anonymous_1)
DA:1,3
DA:7,3
DA:8,0
DA:9,0
DA:10,0
DA:11,0
DA:12,0
DA:13,0
DA:16,0
DA:18,0
LF:10
LH:2
BRDA:10,0,0,0
BRDA:10,1,0,0
BRDA:10,1,1,0
BRDA:10,1,2,0
BRF:4
BRH:0
end_of_record
TN:
SF:src/Components/Attendance/attendance.controller.ts
FN:9,(anonymous_0)
FNF:1
FNH:0
FNDA:0,(anonymous_0)
DA:1,3
DA:10,0
DA:11,0
DA:12,0
DA:14,0
DA:18,3
LF:6
LH:2
BRF:0
BRH:0
end_of_record
TN:
SF:src/Components/Attendance/attendance.routes.ts
FN:12,(anonymous_0)
FN:17,(anonymous_1)
FNF:2
FNH:2
FNDA:3,(anonymous_0)
FNDA:3,(anonymous_1)
DA:1,3
DA:3,3
DA:4,3
DA:5,3
DA:10,3
DA:13,3
DA:14,3
DA:19,3
DA:23,3
LF:9
LH:9
BRF:0
BRH:0
end_of_record
TN:
SF:src/Components/Department/department.DAL.ts
FN:10,createDepartment
FN:22,findDepartments
FN:35,findDepartmentById
FNF:3
FNH:0
FNDA:0,createDepartment
FNDA:0,findDepartments
FNDA:0,findDepartmentById
DA:3,3
DA:10,3
DA:11,0
DA:12,0
DA:14,0
DA:22,3
DA:23,0
DA:24,0
DA:26,0
DA:35,3
DA:36,0
DA:37,0
DA:39,0
LF:13
LH:4
BRF:0
BRH:0
end_of_record
TN:
SF:src/Components/Department/department.controller.ts
FN:12,(anonymous_0)
FN:32,(anonymous_1)
FN:46,(anonymous_2)
FN:71,(anonymous_3)
FNF:4
FNH:0
FNDA:0,(anonymous_0)
FNDA:0,(anonymous_1)
FNDA:0,(anonymous_2)
FNDA:0,(anonymous_3)
DA:3,3
DA:4,3
DA:13,0
DA:14,0
DA:15,0
DA:16,0
DA:21,0
DA:33,0
DA:34,0
DA:35,0
DA:37,0
DA:47,0
DA:48,0
DA:49,0
DA:50,0
DA:51,0
DA:53,0
DA:54,0
DA:56,0
DA:57,0
DA:62,0
DA:72,0
DA:73,0
DA:74,0
DA:75,0
DA:76,0
DA:78,0
DA:79,0
DA:84,0
DA:88,3
LF:30
LH:3
BRDA:50,0,0,0
BRDA:75,1,0,0
BRF:2
BRH:0
end_of_record
TN:
SF:src/Components/Department/department.model.ts
FNF:0
FNH:0
DA:1,3
DA:3,3
DA:6,3
DA:26,3
DA:27,3
LF:5
LH:5
BRF:0
BRH:0
end_of_record
TN:
SF:src/Components/Department/department.routes.ts
FN:12,(anonymous_0)
FN:17,(anonymous_1)
FNF:2
FNH:2
FNDA:3,(anonymous_0)
FNDA:3,(anonymous_1)
DA:1,3
DA:3,3
DA:4,3
DA:5,3
DA:10,3
DA:13,3
DA:14,3
DA:19,3
DA:22,3
DA:25,3
DA:28,3
DA:32,3
LF:12
LH:12
BRF:0
BRH:0
end_of_record
TN:
SF:src/Components/Faculty/faculty.DAL.ts
FN:9,createFaculty
FN:21,findFacultyByEmailId
FN:33,findFaculties
FN:54,findFacultyById
FNF:4
FNH:0
FNDA:0,createFaculty
FNDA:0,findFacultyByEmailId
FNDA:0,findFaculties
FNDA:0,findFacultyById
DA:2,3
DA:9,3
DA:10,0
DA:11,0
DA:13,0
DA:21,3
DA:22,0
DA:23,0
DA:25,0
DA:33,3
DA:34,0
DA:35,0
DA:45,0
DA:54,3
DA:55,0
DA:56,0
DA:58,0
LF:17
LH:5
BRF:0
BRH:0
end_of_record
TN:
SF:src/Components/Faculty/faculty.controller.ts
FN:19,(anonymous_0)
FN:38,(anonymous_1)
FN:81,(anonymous_2)
FN:103,(anonymous_3)
FN:117,(anonymous_4)
FN:143,(anonymous_5)
FN:164,(anonymous_6)
FNF:7
FNH:0
FNDA:0,(anonymous_0)
FNDA:0,(anonymous_1)
FNDA:0,(anonymous_2)
FNDA:0,(anonymous_3)
FNDA:0,(anonymous_4)
FNDA:0,(anonymous_5)
FNDA:0,(anonymous_6)
DA:1,3
DA:2,3
DA:5,3
DA:7,3
DA:11,3
DA:20,0
DA:21,0
DA:23,0
DA:25,0
DA:29,0
DA:39,0
DA:40,0
DA:41,0
DA:42,0
DA:47,0
DA:48,0
DA:49,0
DA:51,0
DA:52,0
DA:54,0
DA:59,0
DA:60,0
DA:61,0
DA:66,0
DA:69,0
DA:72,0
DA:82,0
DA:83,0
DA:84,0
DA:85,0
DA:86,0
DA:88,0
DA:89,0
DA:90,0
DA:94,0
DA:104,0
DA:105,0
DA:106,0
DA:108,0
DA:118,0
DA:119,0
DA:120,0
DA:121,0
DA:122,0
DA:125,0
DA:126,0
DA:129,0
DA:130,0
DA:134,0
DA:144,0
DA:145,0
DA:146,0
DA:147,0
DA:148,0
DA:150,0
DA:151,0
DA:155,0
DA:165,0
DA:166,0
DA:167,0
DA:168,0
DA:170,0
DA:172,0
DA:176,3
LF:64
LH:6
BRDA:41,0,0,0
BRDA:41,1,0,0
BRDA:41,1,1,0
BRDA:48,2,0,0
BRDA:48,2,1,0
BRDA:51,3,0,0
BRDA:51,3,1,0
BRDA:85,4,0,0
BRDA:121,5,0,0
BRDA:147,6,0,0
BRDA:167,7,0,0
BRF:11
BRH:0
end_of_record
TN:
SF:src/Components/Faculty/faculty.model.ts
FN:46,(anonymous_0)
FNF:1
FNH:0
FNDA:0,(anonymous_0)
DA:1,3
DA:2,3
DA:4,3
DA:7,3
DA:46,3
DA:47,0
DA:48,0
DA:49,0
DA:51,0
DA:55,3
DA:56,3
LF:11
LH:7
BRDA:48,0,0,0
BRF:1
BRH:0
end_of_record
TN:
SF:src/Components/Faculty/faculty.routes.ts
FN:12,(anonymous_0)
FN:17,(anonymous_1)
FNF:2
FNH:2
FNDA:3,(anonymous_0)
FNDA:3,(anonymous_1)
DA:1,3
DA:3,3
DA:4,3
DA:5,3
DA:10,3
DA:13,3
DA:14,3
DA:19,3
DA:22,3
DA:25,3
DA:28,3
DA:31,3
DA:34,3
DA:37,3
DA:41,3
LF:15
LH:15
BRF:0
BRH:0
end_of_record
TN:
SF:src/Components/Student/student.DAL.ts
FN:10,createStudent
FN:24,findStudentByEmailId
FN:36,findStudents
FN:49,findStudentById
FN:61,getBatchDepartmentWiseData
FN:166,getAbsentStudentBatchYearSemesterDateWise
FN:264,getMoreThen75PercentStudent
FN:375,getVacancySeat
FNF:8
FNH:0
FNDA:0,createStudent
FNDA:0,findStudentByEmailId
FNDA:0,findStudents
FNDA:0,findStudentById
FNDA:0,getBatchDepartmentWiseData
FNDA:0,getAbsentStudentBatchYearSemesterDateWise
FNDA:0,getMoreThen75PercentStudent
FNDA:0,getVacancySeat
DA:3,3
DA:10,3
DA:11,0
DA:12,0
DA:14,0
DA:24,3
DA:25,0
DA:26,0
DA:28,0
DA:36,3
DA:37,0
DA:38,0
DA:40,0
DA:49,3
DA:50,0
DA:51,0
DA:53,0
DA:61,3
DA:62,0
DA:63,0
DA:153,0
DA:155,0
DA:157,0
DA:166,3
DA:167,0
DA:168,0
DA:236,0
DA:237,0
DA:242,0
DA:244,0
DA:245,0
DA:250,0
DA:252,0
DA:253,0
DA:255,0
DA:264,3
DA:265,0
DA:266,0
DA:340,0
DA:341,0
DA:346,0
DA:348,0
DA:349,0
DA:354,0
DA:356,0
DA:357,0
DA:362,0
DA:364,0
DA:365,0
DA:367,0
DA:375,3
DA:376,0
DA:377,0
DA:491,0
DA:493,0
DA:495,0
LF:56
LH:9
BRDA:236,0,0,0
BRDA:244,1,0,0
BRDA:340,2,0,0
BRDA:348,3,0,0
BRDA:356,4,0,0
BRF:5
BRH:0
end_of_record
TN:
SF:src/Components/Student/student.controller.ts
FN:25,(anonymous_0)
FN:43,(anonymous_1)
FN:85,(anonymous_2)
FN:107,(anonymous_3)
FN:121,(anonymous_4)
FN:148,(anonymous_5)
FN:170,(anonymous_6)
FN:187,(anonymous_7)
FN:203,(anonymous_8)
FN:219,(anonymous_9)
FN:235,(anonymous_10)
FNF:11
FNH:0
FNDA:0,(anonymous_0)
FNDA:0,(anonymous_1)
FNDA:0,(anonymous_2)
FNDA:0,(anonymous_3)
FNDA:0,(anonymous_4)
FNDA:0,(anonymous_5)
FNDA:0,(anonymous_6)
FNDA:0,(anonymous_7)
FNDA:0,(anonymous_8)
FNDA:0,(anonymous_9)
FNDA:0,(anonymous_10)
DA:1,3
DA:2,3
DA:5,3
DA:7,3
DA:17,3
DA:26,0
DA:27,0
DA:28,0
DA:30,0
DA:34,0
DA:44,0
DA:45,0
DA:46,0
DA:47,0
DA:51,0
DA:52,0
DA:53,0
DA:55,0
DA:56,0
DA:58,0
DA:63,0
DA:64,0
DA:65,0
DA:70,0
DA:73,0
DA:76,0
DA:86,0
DA:87,0
DA:88,0
DA:89,0
DA:90,0
DA:92,0
DA:93,0
DA:94,0
DA:98,0
DA:108,0
DA:109,0
DA:110,0
DA:112,0
DA:122,0
DA:123,0
DA:125,0
DA:126,0
DA:127,0
DA:130,0
DA:131,0
DA:134,0
DA:135,0
DA:139,0
DA:149,0
DA:150,0
DA:151,0
DA:153,0
DA:154,0
DA:156,0
DA:157,0
DA:161,0
DA:171,0
DA:172,0
DA:173,0
DA:174,0
DA:176,0
DA:178,0
DA:188,0
DA:189,0
DA:190,0
DA:192,0
DA:204,0
DA:205,0
DA:206,0
DA:208,0
DA:220,0
DA:221,0
DA:222,0
DA:224,0
DA:236,0
DA:237,0
DA:238,0
DA:240,0
DA:246,3
LF:80
LH:6
BRDA:46,0,0,0
BRDA:46,1,0,0
BRDA:46,1,1,0
BRDA:52,2,0,0
BRDA:52,2,1,0
BRDA:55,3,0,0
BRDA:55,3,1,0
BRDA:89,4,0,0
BRDA:126,5,0,0
BRDA:153,6,0,0
BRDA:173,7,0,0
BRF:11
BRH:0
end_of_record
TN:
SF:src/Components/Student/student.model.ts
FN:71,(anonymous_0)
FNF:1
FNH:0
FNDA:0,(anonymous_0)
DA:1,3
DA:2,3
DA:4,3
DA:6,3
DA:11,3
DA:17,3
DA:71,3
DA:72,0
DA:73,0
DA:74,0
DA:76,0
DA:80,3
DA:81,3
LF:13
LH:9
BRDA:73,0,0,0
BRF:1
BRH:0
end_of_record
TN:
SF:src/Components/Student/student.routes.ts
FN:12,(anonymous_0)
FN:17,(anonymous_1)
FNF:2
FNH:2
FNDA:3,(anonymous_0)
FNDA:3,(anonymous_1)
DA:1,3
DA:3,3
DA:4,3
DA:5,3
DA:10,3
DA:13,3
DA:14,3
DA:19,3
DA:22,3
DA:25,3
DA:28,3
DA:31,3
DA:34,3
DA:37,3
DA:42,3
DA:45,3
DA:48,3
DA:51,3
DA:55,3
LF:19
LH:19
BRF:0
BRH:0
end_of_record
TN:
SF:src/utils/authentication.ts
FN:7,(anonymous_0)
FNF:1
FNH:0
FNDA:0,(anonymous_0)
DA:1,3
DA:3,3
DA:4,3
DA:5,3
DA:7,3
DA:8,0
DA:9,0
DA:11,0
DA:13,0
DA:16,0
DA:19,0
DA:21,0
DA:22,0
DA:26,0
DA:27,0
DA:28,0
DA:30,0
DA:33,0
LF:18
LH:5
BRDA:19,0,0,0
BRDA:19,0,1,0
BRDA:21,1,0,0
BRDA:26,2,0,0
BRDA:26,2,1,0
BRF:5
BRH:0
end_of_record
TN:
SF:src/utils/authorization.ts
FN:1,(anonymous_0)
FNF:1
FNH:0
FNDA:0,(anonymous_0)
DA:1,3
DA:2,0
DA:4,0
DA:5,0
DA:9,0
DA:11,0
DA:12,0
DA:14,0
DA:21,0
DA:23,0
DA:25,0
DA:26,0
DA:30,0
DA:31,0
DA:32,0
DA:34,0
DA:38,0
DA:40,0
DA:48,0
DA:50,0
DA:51,0
DA:56,0
DA:57,0
DA:59,0
DA:66,0
DA:68,0
DA:76,0
DA:78,0
DA:79,0
DA:81,0
LF:30
LH:1
BRDA:4,0,0,0
BRDA:9,1,0,0
BRDA:9,1,1,0
BRDA:11,2,0,0
BRDA:11,2,1,0
BRDA:11,3,0,0
BRDA:11,3,1,0
BRDA:11,3,2,0
BRDA:21,4,0,0
BRDA:21,4,1,0
BRDA:23,5,0,0
BRDA:23,5,1,0
BRDA:30,6,0,0
BRDA:31,7,0,0
BRDA:34,8,0,0
BRDA:34,8,1,0
BRDA:35,9,0,0
BRDA:35,9,1,0
BRDA:35,9,2,0
BRDA:35,9,3,0
BRDA:35,9,4,0
BRDA:48,10,0,0
BRDA:48,10,1,0
BRDA:50,11,0,0
BRDA:50,11,1,0
BRDA:50,12,0,0
BRDA:50,12,1,0
BRDA:56,13,0,0
BRDA:59,14,0,0
BRDA:59,14,1,0
BRDA:60,15,0,0
BRDA:60,15,1,0
BRDA:60,15,2,0
BRDA:60,15,3,0
BRDA:60,15,4,0
BRDA:60,15,5,0
BRDA:76,16,0,0
BRDA:78,17,0,0
BRDA:78,17,1,0
BRDA:78,18,0,0
BRDA:78,18,1,0
BRF:41
BRH:0
end_of_record
TN:
SF:src/utils/winston-logger.ts
FN:22,(anonymous_0)
FNF:1
FNH:1
FNDA:9,(anonymous_0)
DA:1,3
DA:2,3
DA:4,3
DA:17,3
DA:23,9
DA:28,3
LF:6
LH:6
BRF:0
BRH:0
end_of_record
TN:
SF:tests/dbSetUpFileForTest.ts
FN:82,(anonymous_0)
FNF:1
FNH:1
FNDA:25,(anonymous_0)
DA:1,3
DA:2,3
DA:3,3
DA:4,3
DA:5,3
DA:6,3
DA:9,3
DA:11,3
DA:12,3
DA:13,3
DA:14,3
DA:16,3
DA:22,3
DA:34,3
DA:45,3
DA:55,3
DA:68,3
DA:82,3
DA:83,25
DA:84,0
DA:85,0
DA:86,0
DA:87,0
DA:88,0
DA:89,0
DA:90,0
DA:91,0
DA:94,3
LF:28
LH:20
BRF:0
BRH:0
end_of_record
