TN:
SF:src/app.ts
FN:20,(anonymous_0)
FN:24,(anonymous_1)
FN:32,(anonymous_2)
FN:36,(anonymous_3)
FN:43,(anonymous_4)
FN:47,(anonymous_5)
FN:51,(anonymous_6)
FNF:7
FNH:5
FNDA:2,(anonymous_0)
FNDA:2,(anonymous_1)
FNDA:2,(anonymous_2)
FNDA:2,(anonymous_3)
FNDA:2,(anonymous_4)
FNDA:0,(anonymous_5)
FNDA:0,(anonymous_6)
DA:1,2
DA:2,2
DA:3,2
DA:4,2
DA:5,2
DA:7,2
DA:8,2
DA:9,2
DA:12,2
DA:14,2
DA:15,2
DA:21,2
DA:23,2
DA:24,2
DA:25,2
DA:27,2
DA:28,2
DA:33,2
DA:34,2
DA:37,2
DA:41,2
DA:43,2
DA:44,2
DA:47,2
DA:48,0
DA:51,2
DA:52,0
DA:56,2
LF:28
LH:26
BRF:0
BRH:0
end_of_record
TN:
SF:src/application.routes.ts
FN:9,(anonymous_0)
FNF:1
FNH:1
FNDA:2,(anonymous_0)
DA:2,2
DA:3,2
DA:4,2
DA:5,2
DA:6,2
DA:8,2
DA:10,2
DA:11,2
DA:12,2
DA:13,2
DA:14,2
LF:11
LH:11
BRF:0
BRH:0
end_of_record
TN:
SF:src/config.ts
FNF:0
FNH:0
DA:1,2
DA:3,2
DA:5,2
DA:13,2
LF:4
LH:4
BRF:0
BRH:0
end_of_record
TN:
SF:src/index.ts
FN:6,(anonymous_0)
FN:11,(anonymous_1)
FN:12,(anonymous_2)
FNF:3
FNH:2
FNDA:2,(anonymous_0)
FNDA:2,(anonymous_1)
FNDA:0,(anonymous_2)
DA:1,2
DA:7,2
DA:8,2
DA:12,2
DA:13,0
DA:18,2
LF:6
LH:5
BRF:0
BRH:0
end_of_record
TN:
SF:src/Components/Attendance/attendance.DAL.ts
FN:10,fillAttendance
FN:12,(anonymous_1)
FNF:2
FNH:0
FNDA:0,fillAttendance
FNDA:0,(anonymous_1)
DA:1,2
DA:10,2
DA:11,0
DA:12,0
DA:13,0
DA:14,0
DA:15,0
DA:16,0
DA:19,0
DA:22,0
LF:10
LH:2
BRDA:13,0,0,0
BRDA:13,1,0,0
BRDA:13,1,1,0
BRDA:13,1,2,0
BRF:4
BRH:0
end_of_record
TN:
SF:src/Components/Attendance/attendance.controller.ts
FN:12,(anonymous_0)
FNF:1
FNH:0
FNDA:0,(anonymous_0)
DA:1,2
DA:13,0
DA:14,0
DA:15,0
DA:18,0
DA:22,2
LF:6
LH:2
BRF:0
BRH:0
end_of_record
TN:
SF:src/Components/Attendance/attendance.routes.ts
FN:13,(anonymous_0)
FN:18,(anonymous_1)
FNF:2
FNH:2
FNDA:2,(anonymous_0)
FNDA:2,(anonymous_1)
DA:1,2
DA:4,2
DA:5,2
DA:6,2
DA:11,2
DA:14,2
DA:15,2
DA:20,2
DA:25,2
LF:9
LH:9
BRF:0
BRH:0
end_of_record
TN:
SF:src/Components/Department/department.DAL.ts
FN:10,createDepartment
FN:23,findDepartments
FN:37,findDepartmentById
FNF:3
FNH:3
FNDA:1,createDepartment
FNDA:1,findDepartments
FNDA:2,findDepartmentById
DA:3,2
DA:10,2
DA:11,1
DA:12,1
DA:15,0
DA:23,2
DA:24,1
DA:25,1
DA:28,0
DA:37,2
DA:38,2
DA:39,2
DA:42,0
LF:13
LH:10
BRF:0
BRH:0
end_of_record
TN:
SF:src/Components/Department/department.controller.ts
FN:19,(anonymous_0)
FN:35,(anonymous_1)
FN:50,(anonymous_2)
FN:74,(anonymous_3)
FNF:4
FNH:4
FNDA:1,(anonymous_0)
FNDA:1,(anonymous_1)
FNDA:1,(anonymous_2)
FNDA:1,(anonymous_3)
DA:3,2
DA:10,2
DA:20,1
DA:21,1
DA:22,1
DA:23,1
DA:26,0
DA:36,1
DA:37,1
DA:38,1
DA:41,0
DA:51,1
DA:52,1
DA:53,1
DA:54,1
DA:55,0
DA:57,1
DA:58,3
DA:60,1
DA:61,1
DA:65,0
DA:75,1
DA:76,1
DA:77,1
DA:78,1
DA:79,0
DA:81,1
DA:82,1
DA:86,0
DA:90,2
LF:30
LH:24
BRDA:54,0,0,0
BRDA:78,1,0,0
BRF:2
BRH:0
end_of_record
TN:
SF:src/Components/Department/department.model.ts
FNF:0
FNH:0
DA:1,2
DA:3,2
DA:6,2
DA:23,2
DA:24,2
LF:5
LH:5
BRF:0
BRH:0
end_of_record
TN:
SF:src/Components/Department/department.routes.ts
FN:12,(anonymous_0)
FN:17,(anonymous_1)
FNF:2
FNH:2
FNDA:2,(anonymous_0)
FNDA:2,(anonymous_1)
DA:1,2
DA:3,2
DA:4,2
DA:5,2
DA:10,2
DA:13,2
DA:14,2
DA:19,2
DA:22,2
DA:25,2
DA:28,2
DA:33,2
LF:12
LH:12
BRF:0
BRH:0
end_of_record
TN:
SF:src/Components/Faculty/faculty.DAL.ts
FN:11,createFaculty
FN:24,findFacultyByEmailId
FN:37,findFaculties
FN:59,findFacultyById
FNF:4
FNH:1
FNDA:0,createFaculty
FNDA:0,findFacultyByEmailId
FNDA:0,findFaculties
FNDA:11,findFacultyById
DA:3,2
DA:11,2
DA:12,0
DA:13,0
DA:16,0
DA:24,2
DA:25,0
DA:26,0
DA:29,0
DA:37,2
DA:38,0
DA:39,0
DA:50,0
DA:59,2
DA:60,11
DA:61,11
DA:65,0
LF:17
LH:7
BRF:0
BRH:0
end_of_record
TN:
SF:src/Components/Faculty/faculty.controller.ts
FN:24,(anonymous_0)
FN:42,(anonymous_1)
FN:81,(anonymous_2)
FN:102,(anonymous_3)
FN:118,(anonymous_4)
FN:144,(anonymous_5)
FN:165,(anonymous_6)
FNF:7
FNH:1
FNDA:0,(anonymous_0)
FNDA:0,(anonymous_1)
FNDA:0,(anonymous_2)
FNDA:0,(anonymous_3)
FNDA:1,(anonymous_4)
FNDA:0,(anonymous_5)
FNDA:0,(anonymous_6)
DA:1,2
DA:2,2
DA:5,2
DA:7,2
DA:13,2
DA:16,2
DA:25,0
DA:26,0
DA:28,0
DA:30,0
DA:33,0
DA:43,0
DA:44,0
DA:45,0
DA:46,0
DA:49,0
DA:52,0
DA:53,0
DA:55,0
DA:56,0
DA:58,0
DA:59,0
DA:60,0
DA:61,0
DA:64,0
DA:68,0
DA:72,0
DA:82,0
DA:83,0
DA:84,0
DA:85,0
DA:86,0
DA:88,0
DA:89,0
DA:90,0
DA:93,0
DA:103,0
DA:104,0
DA:105,0
DA:109,0
DA:119,1
DA:120,1
DA:121,1
DA:122,1
DA:123,1
DA:126,0
DA:127,0
DA:130,0
DA:131,0
DA:134,0
DA:135,0
DA:145,0
DA:146,0
DA:147,0
DA:148,0
DA:149,0
DA:151,0
DA:152,0
DA:156,0
DA:166,0
DA:167,0
DA:168,0
DA:169,0
DA:171,0
DA:174,0
DA:178,2
LF:66
LH:12
BRDA:45,0,0,0
BRDA:45,1,0,0
BRDA:45,1,1,0
BRDA:52,2,0,0
BRDA:52,2,1,0
BRDA:55,3,0,0
BRDA:55,3,1,0
BRDA:85,4,0,0
BRDA:122,5,0,1
BRDA:148,6,0,0
BRDA:168,7,0,0
BRF:11
BRH:1
end_of_record
TN:
SF:src/Components/Faculty/faculty.model.ts
FN:43,(anonymous_0)
FNF:1
FNH:1
FNDA:10,(anonymous_0)
DA:1,2
DA:2,2
DA:4,2
DA:7,2
DA:43,2
DA:44,10
DA:45,10
DA:46,10
DA:48,10
DA:56,2
DA:57,2
LF:11
LH:11
BRDA:45,0,0,10
BRF:1
BRH:1
end_of_record
TN:
SF:src/Components/Faculty/faculty.routes.ts
FN:12,(anonymous_0)
FN:17,(anonymous_1)
FNF:2
FNH:2
FNDA:2,(anonymous_0)
FNDA:2,(anonymous_1)
DA:1,2
DA:3,2
DA:4,2
DA:5,2
DA:10,2
DA:13,2
DA:14,2
DA:19,2
DA:22,2
DA:25,2
DA:28,2
DA:31,2
DA:34,2
DA:37,2
DA:41,2
LF:15
LH:15
BRF:0
BRH:0
end_of_record
TN:
SF:src/Components/Student/student.DAL.ts
FN:10,createStudent
FN:26,findStudentByEmailId
FN:39,findStudents
FN:53,findStudentById
FN:66,getBatchDepartmentWiseData
FN:165,getAbsentStudentBatchYearSemesterDateWise
FN:263,getMoreThen75PercentStudent
FN:372,getVacancySeat
FNF:8
FNH:0
FNDA:0,createStudent
FNDA:0,findStudentByEmailId
FNDA:0,findStudents
FNDA:0,findStudentById
FNDA:0,getBatchDepartmentWiseData
FNDA:0,getAbsentStudentBatchYearSemesterDateWise
FNDA:0,getMoreThen75PercentStudent
FNDA:0,getVacancySeat
DA:3,2
DA:10,2
DA:11,0
DA:12,0
DA:16,0
DA:26,2
DA:27,0
DA:28,0
DA:31,0
DA:39,2
DA:40,0
DA:41,0
DA:44,0
DA:53,2
DA:54,0
DA:55,0
DA:58,0
DA:66,2
DA:67,0
DA:68,0
DA:151,0
DA:153,0
DA:156,0
DA:165,2
DA:166,0
DA:167,0
DA:233,0
DA:234,0
DA:239,0
DA:241,0
DA:242,0
DA:247,0
DA:249,0
DA:250,0
DA:253,0
DA:263,2
DA:264,0
DA:265,0
DA:336,0
DA:337,0
DA:342,0
DA:344,0
DA:345,0
DA:350,0
DA:352,0
DA:353,0
DA:358,0
DA:360,0
DA:361,0
DA:364,0
DA:372,2
DA:373,0
DA:374,0
DA:488,0
DA:490,0
DA:493,0
LF:56
LH:9
BRDA:233,0,0,0
BRDA:241,1,0,0
BRDA:336,2,0,0
BRDA:344,3,0,0
BRDA:352,4,0,0
BRF:5
BRH:0
end_of_record
TN:
SF:src/Components/Student/student.controller.ts
FN:24,(anonymous_0)
FN:41,(anonymous_1)
FN:79,(anonymous_2)
FN:100,(anonymous_3)
FN:116,(anonymous_4)
FN:142,(anonymous_5)
FN:164,(anonymous_6)
FN:182,(anonymous_7)
FN:197,(anonymous_8)
FN:212,(anonymous_9)
FN:227,(anonymous_10)
FNF:11
FNH:0
FNDA:0,(anonymous_0)
FNDA:0,(anonymous_1)
FNDA:0,(anonymous_2)
FNDA:0,(anonymous_3)
FNDA:0,(anonymous_4)
FNDA:0,(anonymous_5)
FNDA:0,(anonymous_6)
FNDA:0,(anonymous_7)
FNDA:0,(anonymous_8)
FNDA:0,(anonymous_9)
FNDA:0,(anonymous_10)
DA:1,2
DA:2,2
DA:3,2
DA:4,2
DA:6,2
DA:25,0
DA:26,0
DA:27,0
DA:29,0
DA:32,0
DA:42,0
DA:43,0
DA:44,0
DA:45,0
DA:47,0
DA:48,0
DA:49,0
DA:51,0
DA:52,0
DA:56,0
DA:57,0
DA:58,0
DA:59,0
DA:62,0
DA:66,0
DA:70,0
DA:80,0
DA:81,0
DA:82,0
DA:83,0
DA:84,0
DA:86,0
DA:87,0
DA:88,0
DA:91,0
DA:101,0
DA:102,0
DA:103,0
DA:107,0
DA:117,0
DA:118,0
DA:120,0
DA:121,0
DA:122,0
DA:125,0
DA:126,0
DA:129,0
DA:130,0
DA:133,0
DA:143,0
DA:144,0
DA:145,0
DA:147,0
DA:148,0
DA:150,0
DA:151,0
DA:155,0
DA:165,0
DA:166,0
DA:167,0
DA:168,0
DA:170,0
DA:173,0
DA:183,0
DA:184,0
DA:185,0
DA:188,0
DA:198,0
DA:199,0
DA:200,0
DA:203,0
DA:213,0
DA:214,0
DA:215,0
DA:218,0
DA:228,0
DA:229,0
DA:230,0
DA:233,0
DA:237,2
LF:80
LH:6
BRDA:44,0,0,0
BRDA:44,1,0,0
BRDA:44,1,1,0
BRDA:48,2,0,0
BRDA:48,2,1,0
BRDA:51,3,0,0
BRDA:51,3,1,0
BRDA:83,4,0,0
BRDA:121,5,0,0
BRDA:147,6,0,0
BRDA:167,7,0,0
BRF:11
BRH:0
end_of_record
TN:
SF:src/Components/Student/student.model.ts
FN:66,(anonymous_0)
FNF:1
FNH:0
FNDA:0,(anonymous_0)
DA:1,2
DA:2,2
DA:4,2
DA:6,2
DA:11,2
DA:17,2
DA:66,2
DA:67,0
DA:68,0
DA:69,0
DA:71,0
DA:81,2
DA:82,2
LF:13
LH:9
BRDA:68,0,0,0
BRF:1
BRH:0
end_of_record
TN:
SF:src/Components/Student/student.routes.ts
FN:12,(anonymous_0)
FN:17,(anonymous_1)
FNF:2
FNH:2
FNDA:2,(anonymous_0)
FNDA:2,(anonymous_1)
DA:1,2
DA:3,2
DA:4,2
DA:5,2
DA:10,2
DA:13,2
DA:14,2
DA:19,2
DA:22,2
DA:25,2
DA:28,2
DA:31,2
DA:34,2
DA:37,2
DA:42,2
DA:45,2
DA:48,2
DA:51,2
DA:56,2
LF:19
LH:19
BRF:0
BRH:0
end_of_record
TN:
SF:src/utils/authentication.ts
FN:8,(anonymous_0)
FNF:1
FNH:1
FNDA:5,(anonymous_0)
DA:1,2
DA:3,2
DA:4,2
DA:5,2
DA:8,2
DA:9,5
DA:11,5
DA:12,5
DA:15,5
DA:20,5
DA:24,5
DA:26,5
DA:27,0
DA:31,5
DA:32,5
DA:33,5
DA:36,0
DA:40,0
LF:18
LH:15
BRDA:24,0,0,0
BRDA:24,0,1,5
BRDA:26,1,0,0
BRDA:31,2,0,5
BRDA:31,2,1,0
BRF:5
BRH:2
end_of_record
TN:
SF:src/utils/authorization.ts
FN:1,(anonymous_0)
FNF:1
FNH:1
FNDA:5,(anonymous_0)
DA:1,2
DA:3,5
DA:5,5
DA:6,0
DA:10,5
DA:12,4
DA:13,4
DA:16,0
DA:21,1
DA:24,1
DA:26,1
DA:27,1
DA:31,0
DA:32,0
DA:33,0
DA:35,0
DA:36,0
DA:39,0
DA:46,0
DA:49,0
DA:50,0
DA:54,0
DA:55,0
DA:56,0
DA:58,0
DA:59,0
DA:62,0
DA:70,0
DA:72,0
DA:73,0
DA:76,0
DA:81,0
DA:83,0
DA:84,0
DA:87,0
LF:35
LH:10
BRDA:5,0,0,0
BRDA:10,1,0,4
BRDA:10,1,1,1
BRDA:12,2,0,4
BRDA:12,2,1,0
BRDA:12,3,0,4
BRDA:12,3,1,4
BRDA:12,3,2,4
BRDA:21,4,0,1
BRDA:21,4,1,0
BRDA:24,5,0,1
BRDA:24,5,1,0
BRDA:31,6,0,0
BRDA:32,7,0,0
BRDA:35,8,0,0
BRDA:35,8,1,0
BRDA:35,9,0,0
BRDA:35,9,1,0
BRDA:35,9,2,0
BRDA:35,9,3,0
BRDA:35,9,4,0
BRDA:46,10,0,0
BRDA:46,10,1,0
BRDA:49,11,0,0
BRDA:49,11,1,0
BRDA:49,12,0,0
BRDA:49,12,1,0
BRDA:54,13,0,0
BRDA:55,14,0,0
BRDA:58,15,0,0
BRDA:58,15,1,0
BRDA:58,16,0,0
BRDA:58,16,1,0
BRDA:58,16,2,0
BRDA:58,16,3,0
BRDA:58,16,4,0
BRDA:58,16,5,0
BRDA:70,17,0,0
BRDA:70,17,1,0
BRDA:72,18,0,0
BRDA:72,18,1,0
BRDA:72,19,0,0
BRDA:72,19,1,0
BRDA:81,20,0,0
BRDA:83,21,0,0
BRDA:83,21,1,0
BRDA:83,22,0,0
BRDA:83,22,1,0
BRF:48
BRH:8
end_of_record
TN:
SF:src/utils/winston-logger.ts
FN:20,(anonymous_0)
FNF:1
FNH:1
FNDA:4,(anonymous_0)
DA:1,2
DA:2,2
DA:4,2
DA:15,2
DA:21,4
DA:27,2
LF:6
LH:6
BRF:0
BRH:0
end_of_record
TN:
SF:tests/dbSetUpFileForTest.ts
FN:43,(anonymous_0)
FNF:1
FNH:1
FNDA:5,(anonymous_0)
DA:1,2
DA:2,2
DA:3,2
DA:4,2
DA:5,2
DA:6,2
DA:9,2
DA:11,2
DA:12,2
DA:13,2
DA:15,2
DA:21,2
DA:33,2
DA:43,2
DA:44,5
DA:45,5
DA:46,5
DA:47,5
DA:48,5
DA:49,5
DA:52,2
LF:21
LH:21
BRF:0
BRH:0
end_of_record
